


materialPath: C:\Program Files (x86)\Steam\steamapps\common\Half-Life 2\ep2\materials
Loading C:\Users\Matthew\OneDrive\mattiemonster maps\HL2EP2\WindingCorridors.vmf
Could not locate 'GameData' key in c:\program files (x86)\steam\steamapps\common\half-life 2\ep2\gameinfo.txt
fixing up env_cubemap materials on brush sides...
0...1...2...3...4...5...6...7...8...9...100...1...2...3...4...5...6...7...8...9...10Processing areas...done (0)
Building Faces...done (0)
FixTjuncs...
PruneNodes...
WriteBSP...
done (0)
writing C:\Users\Matthew\OneDrive\mattiemonster maps\HL2EP2\WindingCorridors.prt...Building visibility clusters...
done (0)
Creating default LDR cubemaps for env_cubemap using skybox materials:
   skybox/sky_day01_01*.vmt
 ! Run buildcubemaps in the engine to get the correct cube maps.
Creating default HDR cubemaps for env_cubemap using skybox materials:
   skybox/sky_day01_01*.vmt
 ! Run buildcubemaps in the engine to get the correct cube maps.
Finding displacement neighbors...
Finding lightmap sample positions...
Displacement Alpha : 0...1...2...3...4...5...6...7...8...9...10
Building Physics collision data...
done (0) (5286 bytes)
Placing detail props : 0...1...2...3...4...5...6...7...8...9...10
Compacting texture/material tables...
Reduced 3 texinfos to 3
Reduced 1 texdatas to 1 (23 bytes to 23)
Writing C:\Users\Matthew\OneDrive\mattiemonster maps\HL2EP2\WindingCorridors.bsp
0 seconds elapsed



4 threads
reading c:\users\matthew\onedrive\mattiemonster maps\hl2ep2\WindingCorridors.bsp
reading c:\users\matthew\onedrive\mattiemonster maps\hl2ep2\WindingCorridors.prt
  15 portalclusters
  16 numportals
0...1...2...3...4...5...6...7...8...9...100...1...2...3...4...5...6...7...8...9...10Optimized: 0 visible clusters (0.00%)
Total clusters visible: 111
Average clusters visible: 7
Building PAS...
Average clusters audible: 12
visdatasize:185  compressed from 240
writing c:\users\matthew\onedrive\mattiemonster maps\hl2ep2\WindingCorridors.bsp
0 seconds elapsed



[Reading texlights from 'lights.rad']
[48 texlights parsed from 'lights.rad']

Loading c:\users\matthew\onedrive\mattiemonster maps\hl2ep2\WindingCorridors.bsp
75 faces
18727 square feet [2696800.00 square inches]
0 Displacements
0 Square Feet [0.00 Square Inches]
75 patches before subdivision
3005 patches after subdivision
0 direct lights
0...1...2...3...4...5...6...7...8...9...100...1...2...3...4...5...6...7...8...9...10transfers 233140, max 233
transfer lists:   1.8 megs
0...1...2...3...4...5...6...7...8...9...10	Bounce #1 added RGB(0, 0, 0)
Build Patch/Sample Hash Table(s).....Done<0.0006 sec>
0...1...2...3...4...5...6...7...8...9...10FinalLightFace Done
0 of 0 (0% of) surface lights went in leaf ambient cubes.
0...1...2...3...4...5...6...7...8...9...10Writing leaf ambient...done
Ready to Finish

Object names       Objects/Maxobjs  Memory / Maxmem  Fullness 
------------       ---------------  ---------------  -------- 
models                   1/1024           48/49152    ( 0.1%) 
brushes                 14/8192          168/98304    ( 0.2%) 
brushsides              84/65536         672/524288   ( 0.1%) 
planes                  64/65536        1280/1310720  ( 0.1%) 
vertexes               167/65536        2004/786432   ( 0.3%) 
nodes                   57/65536        1824/2097152  ( 0.1%) 
texinfos                 3/12288         216/884736   ( 0.0%) 
texdata                  1/2048           32/65536    ( 0.0%) 
dispinfos                0/0               0/0        ( 0.0%) 
disp_verts               0/0               0/0        ( 0.0%) 
disp_tris                0/0               0/0        ( 0.0%) 
disp_lmsamples           0/0               0/0        ( 0.0%) 
faces                   75/65536        4200/3670016  ( 0.1%) 
hdr faces                0/65536           0/3670016  ( 0.0%) 
origfaces               28/65536        1568/3670016  ( 0.0%) 
leaves                  59/65536        1888/2097152  ( 0.1%) 
leaffaces               77/65536         154/131072   ( 0.1%) 
leafbrushes             33/65536          66/131072   ( 0.1%) 
areas                    2/256            16/2048     ( 0.8%) 
surfedges              446/512000       1784/2048000  ( 0.1%) 
edges                  268/256000       1072/1024000  ( 0.1%) 
LDR worldlights          0/8192            0/720896   ( 0.0%) 
HDR worldlights          0/8192            0/720896   ( 0.0%) 
leafwaterdata            0/32768           0/393216   ( 0.0%) 
waterstrips              5/32768          50/327680   ( 0.0%) 
waterverts               0/65536           0/786432   ( 0.0%) 
waterindices            72/65536         144/131072   ( 0.1%) 
cubemapsamples           0/1024            0/16384    ( 0.0%) 
overlays                 0/512             0/180224   ( 0.0%) 
LDR lightdata         [variable]       51120/0        ( 0.0%) 
HDR lightdata         [variable]           0/0        ( 0.0%) 
visdata               [variable]         185/16777216 ( 0.0%) 
entdata               [variable]         334/393216   ( 0.1%) 
LDR ambient table       59/65536         236/262144   ( 0.1%) 
HDR ambient table       59/65536         236/262144   ( 0.1%) 
LDR leaf ambient        15/65536         420/1835008  ( 0.0%) 
HDR leaf ambient        59/65536        1652/1835008  ( 0.1%) 
occluders                0/0               0/0        ( 0.0%) 
occluder polygons        0/0               0/0        ( 0.0%) 
occluder vert ind        0/0               0/0        ( 0.0%) 
detail props          [variable]           1/12       ( 8.3%) 
static props          [variable]           1/12       ( 8.3%) 
pakfile               [variable]      105695/0        ( 0.0%) 
physics               [variable]        5286/4194304  ( 0.1%) 
physics terrain       [variable]           2/1048576  ( 0.0%) 

Level flags = 0

Total triangle count: 184
Writing c:\users\matthew\onedrive\mattiemonster maps\hl2ep2\WindingCorridors.bsp
0 seconds elapsed



[Reading texlights from 'lights.rad']
[48 texlights parsed from 'lights.rad']

Loading c:\users\matthew\onedrive\mattiemonster maps\hl2ep2\WindingCorridors.bsp
75 faces
18727 square feet [2696800.00 square inches]
0 Displacements
0 Square Feet [0.00 Square Inches]
75 patches before subdivision
3005 patches after subdivision
0 direct lights
0...1...2...3...4...5...6...7...8...9...100...1...2...3...4...5...6...7...8...9...10transfers 233140, max 233
transfer lists:   1.8 megs
0...1...2...3...4...5...6...7...8...9...10	Bounce #1 added RGB(0, 0, 0)
Build Patch/Sample Hash Table(s).....Done<0.0009 sec>
0...1...2...3...4...5...6...7...8...9...10FinalLightFace Done
0 of 0 (0% of) surface lights went in leaf ambient cubes.
0...1...2...3...4...5...6...7...8...9...10Writing leaf ambient...done
Ready to Finish

Object names       Objects/Maxobjs  Memory / Maxmem  Fullness 
------------       ---------------  ---------------  -------- 
models                   1/1024           48/49152    ( 0.1%) 
brushes                 14/8192          168/98304    ( 0.2%) 
brushsides              84/65536         672/524288   ( 0.1%) 
planes                  64/65536        1280/1310720  ( 0.1%) 
vertexes               167/65536        2004/786432   ( 0.3%) 
nodes                   57/65536        1824/2097152  ( 0.1%) 
texinfos                 3/12288         216/884736   ( 0.0%) 
texdata                  1/2048           32/65536    ( 0.0%) 
dispinfos                0/0               0/0        ( 0.0%) 
disp_verts               0/0               0/0        ( 0.0%) 
disp_tris                0/0               0/0        ( 0.0%) 
disp_lmsamples           0/0               0/0        ( 0.0%) 
faces                   75/65536        4200/3670016  ( 0.1%) 
hdr faces               75/65536        4200/3670016  ( 0.1%) 
origfaces               28/65536        1568/3670016  ( 0.0%) 
leaves                  59/65536        1888/2097152  ( 0.1%) 
leaffaces               77/65536         154/131072   ( 0.1%) 
leafbrushes             33/65536          66/131072   ( 0.1%) 
areas                    2/256            16/2048     ( 0.8%) 
surfedges              446/512000       1784/2048000  ( 0.1%) 
edges                  268/256000       1072/1024000  ( 0.1%) 
LDR worldlights          0/8192            0/720896   ( 0.0%) 
HDR worldlights          0/8192            0/720896   ( 0.0%) 
leafwaterdata            0/32768           0/393216   ( 0.0%) 
waterstrips              5/32768          50/327680   ( 0.0%) 
waterverts               0/65536           0/786432   ( 0.0%) 
waterindices            72/65536         144/131072   ( 0.1%) 
cubemapsamples           0/1024            0/16384    ( 0.0%) 
overlays                 0/512             0/180224   ( 0.0%) 
LDR lightdata         [variable]       51120/0        ( 0.0%) 
HDR lightdata         [variable]       51120/0        ( 0.0%) 
visdata               [variable]         185/16777216 ( 0.0%) 
entdata               [variable]         334/393216   ( 0.1%) 
LDR ambient table       59/65536         236/262144   ( 0.1%) 
HDR ambient table       59/65536         236/262144   ( 0.1%) 
LDR leaf ambient        15/65536         420/1835008  ( 0.0%) 
HDR leaf ambient        15/65536         420/1835008  ( 0.0%) 
occluders                0/0               0/0        ( 0.0%) 
occluder polygons        0/0               0/0        ( 0.0%) 
occluder vert ind        0/0               0/0        ( 0.0%) 
detail props          [variable]           1/12       ( 8.3%) 
static props          [variable]           1/12       ( 8.3%) 
pakfile               [variable]      105695/0        ( 0.0%) 
physics               [variable]        5286/4194304  ( 0.1%) 
physics terrain       [variable]           2/1048576  ( 0.0%) 

Level flags = 0

Total triangle count: 184
Writing c:\users\matthew\onedrive\mattiemonster maps\hl2ep2\WindingCorridors.bsp
0 seconds elapsed
