PRT1
14
25
4 0 2 (1024 0 32 ) (1024 0 288 ) (1024 672 288 ) (1024 672 32 ) 
4 0 1 (1376 0 288 ) (1024 0 288 ) (1024 0 32 ) (1376 0 32 ) 
4 1 12 (1024 -32 288 ) (1024 0 288 ) (1024 0 32 ) (1024 -32 32 ) 
4 2 12 (1024 0 32 ) (1024 0 288 ) (224 0 288 ) (224 0 32 ) 
4 2 4 (224 128 32 ) (224 64 32 ) (224 64 33 ) (224 128 33 ) 
4 2 3 (224 672 288 ) (224 672 32 ) (224 128 32 ) (224 128 288 ) 
4 2 5 (224 64 32 ) (224 0 32 ) (224 0 288 ) (224 64 288 ) 
4 3 6 (0 128 288 ) (0 672 288 ) (0 672 32 ) (0 128 32 ) 
4 3 4 (0 128 32 ) (224 128 32 ) (224 128 33 ) (0 128 33 ) 
4 4 7 (0 128 33 ) (0 128 32 ) (0 64 32 ) (0 64 33 ) 
4 4 5 (0 64 32 ) (224 64 32 ) (224 64 33 ) (0 64 33 ) 
4 5 12 (224 0 288 ) (0 0 288 ) (0 0 32 ) (224 0 32 ) 
4 5 8 (0 0 32 ) (0 0 288 ) (0 64 288 ) (0 64 32 ) 
4 6 9 (-128 672 33 ) (-128 672 32 ) (-128 128 32 ) (-128 128 33 ) 
4 6 7 (-128 128 33 ) (-128 128 32 ) (0 128 32 ) (0 128 33 ) 
4 7 9 (-128 128 32 ) (-128 64 32 ) (-128 64 33 ) (-128 128 33 ) 
4 7 8 (-128 64 33 ) (-128 64 32 ) (0 64 32 ) (0 64 33 ) 
4 8 13 (0 0 32 ) (0 0 288 ) (-128 0 288 ) (-128 0 32 ) 
4 8 10 (-128 64 32 ) (-128 0 32 ) (-128 0 288 ) (-128 64 288 ) 
4 9 11 (-192 424 32 ) (-192 64 32 ) (-192 64 33 ) (-192 424 33 ) 
4 9 10 (-192 64 33 ) (-192 64 32 ) (-128 64 32 ) (-128 64 33 ) 
4 10 13 (-128 0 288 ) (-192 0 288 ) (-192 0 32 ) (-128 0 32 ) 
4 10 11 (-192 64 32 ) (-192 0 32 ) (-192 0 288 ) (-192 64 288 ) 
4 11 13 (-192 0 288 ) (-416 0 288 ) (-416 0 32 ) (-192 0 32 ) 
4 12 13 (0 0 288 ) (0 0 32 ) (0 -32 32 ) (0 -32 288 ) 
