


materialPath: C:\Program Files (x86)\Steam\steamapps\common\Half-Life 2\ep2\materials
Loading C:\Users\Matthew\OneDrive\Source Dev Repos\sourcedev\HL2-Mappack\maps\c1m1a_corridor_building.vmf
Could not locate 'GameData' key in c:\program files (x86)\steam\steamapps\common\half-life 2\ep2\gameinfo.txt
fixing up env_cubemap materials on brush sides...
0...1...2...3...4...5...6...7...8...9...10**** leaked ****
Entity prop_static (-248.50 -384.40 128.00) leaked!
Processing areas...done (0)
Building Faces...done (0)
FixTjuncs...
PruneNodes...
WriteBSP...
done (0)
Creating default LDR cubemaps for env_cubemap using skybox materials:
   skybox/sky_day01_01*.vmt
 ! Run buildcubemaps in the engine to get the correct cube maps.
Creating default HDR cubemaps for env_cubemap using skybox materials:
   skybox/sky_day01_01*.vmt
 ! Run buildcubemaps in the engine to get the correct cube maps.
Finding displacement neighbors...
Finding lightmap sample positions...
Displacement Alpha : 0...1...2...3...4...5...6...7...8...9...10
Building Physics collision data...
done (0) (3001 bytes)
Placing detail props : 0...1...2...3...4...5...6...7...8...9...10
Compacting texture/material tables...
Reduced 7 texinfos to 6
Reduced 1 texdatas to 1 (24 bytes to 24)
Writing C:\Users\Matthew\OneDrive\Source Dev Repos\sourcedev\HL2-Mappack\maps\c1m1a_corridor_building.bsp
0 seconds elapsed



4 threads
reading c:\users\matthew\onedrive\source dev repos\sourcedev\hl2-mappack\maps\c1m1a_corridor_building.bsp
reading c:\users\matthew\onedrive\source dev repos\sourcedev\hl2-mappack\maps\c1m1a_corridor_building.prt
LoadPortals: couldn't read c:\users\matthew\onedrive\source dev repos\sourcedev\hl2-mappack\maps\c1m1a_corridor_building.prt



[Reading texlights from 'lights.rad']
[48 texlights parsed from 'lights.rad']

Loading c:\users\matthew\onedrive\source dev repos\sourcedev\hl2-mappack\maps\c1m1a_corridor_building.bsp
No vis information, direct lighting only.
44 faces
8952 square feet [1289176.00 square inches]
0 Displacements
0 Square Feet [0.00 Square Inches]
4 direct lights
0...1...2...3...4...5...6...7...8...9...10Build Patch/Sample Hash Table(s).....Done<0.0004 sec>
0...1...2...3...4...5...6...7...8...9...10FinalLightFace Done
0 of 0 (0% of) surface lights went in leaf ambient cubes.
0...1...2...3...4...5...6...7...8...9...10Writing leaf ambient...done
Ready to Finish

Object names       Objects/Maxobjs  Memory / Maxmem  Fullness 
------------       ---------------  ---------------  -------- 
models                   1/1024           48/49152    ( 0.1%) 
brushes                  8/8192           96/98304    ( 0.1%) 
brushsides              48/65536         384/524288   ( 0.1%) 
planes                  44/65536         880/1310720  ( 0.1%) 
vertexes                57/65536         684/786432   ( 0.1%) 
nodes                   50/65536        1600/2097152  ( 0.1%) 
texinfos                 6/12288         432/884736   ( 0.0%) 
texdata                  1/2048           32/65536    ( 0.0%) 
dispinfos                0/0               0/0        ( 0.0%) 
disp_verts               0/0               0/0        ( 0.0%) 
disp_tris                0/0               0/0        ( 0.0%) 
disp_lmsamples           0/0               0/0        ( 0.0%) 
faces                   44/65536        2464/3670016  ( 0.1%) 
hdr faces                0/65536           0/3670016  ( 0.0%) 
origfaces               31/65536        1736/3670016  ( 0.0%) 
leaves                  52/65536        1664/2097152  ( 0.1%) 
leaffaces               44/65536          88/131072   ( 0.1%) 
leafbrushes             12/65536          24/131072   ( 0.0%) 
areas                    2/256            16/2048     ( 0.8%) 
surfedges              320/512000       1280/2048000  ( 0.1%) 
edges                  185/256000        740/1024000  ( 0.1%) 
LDR worldlights          4/8192          352/720896   ( 0.0%) 
HDR worldlights          0/8192            0/720896   ( 0.0%) 
leafwaterdata            0/32768           0/393216   ( 0.0%) 
waterstrips              0/32768           0/327680   ( 0.0%) 
waterverts               0/65536           0/786432   ( 0.0%) 
waterindices             0/65536           0/131072   ( 0.0%) 
cubemapsamples           0/1024            0/16384    ( 0.0%) 
overlays                 0/512             0/180224   ( 0.0%) 
LDR lightdata         [variable]       26104/0        ( 0.0%) 
HDR lightdata         [variable]           0/0        ( 0.0%) 
visdata               [variable]           0/16777216 ( 0.0%) 
entdata               [variable]        1348/393216   ( 0.3%) 
LDR ambient table       52/65536         208/262144   ( 0.1%) 
HDR ambient table       52/65536         208/262144   ( 0.1%) 
LDR leaf ambient        98/65536        2744/1835008  ( 0.1%) 
HDR leaf ambient        52/65536        1456/1835008  ( 0.1%) 
occluders                0/0               0/0        ( 0.0%) 
occluder polygons        0/0               0/0        ( 0.0%) 
occluder vert ind        0/0               0/0        ( 0.0%) 
detail props          [variable]           1/12       ( 8.3%) 
static props          [variable]           1/412      ( 0.2%) 
pakfile               [variable]      105723/0        ( 0.0%) 
physics               [variable]        3001/4194304  ( 0.1%) 
physics terrain       [variable]           2/1048576  ( 0.0%) 

Level flags = 0

Total triangle count: 108
Writing c:\users\matthew\onedrive\source dev repos\sourcedev\hl2-mappack\maps\c1m1a_corridor_building.bsp
0 seconds elapsed



[Reading texlights from 'lights.rad']
[48 texlights parsed from 'lights.rad']

Loading c:\users\matthew\onedrive\source dev repos\sourcedev\hl2-mappack\maps\c1m1a_corridor_building.bsp
No vis information, direct lighting only.
44 faces
8952 square feet [1289176.00 square inches]
0 Displacements
0 Square Feet [0.00 Square Inches]
4 direct lights
0...1...2...3...4...5...6...7...8...9...10Build Patch/Sample Hash Table(s).....Done<0.0004 sec>
0...1...2...3...4...5...6...7...8...9...10FinalLightFace Done
0 of 0 (0% of) surface lights went in leaf ambient cubes.
0...1...2...3...4...5...6...7...8...9...10Writing leaf ambient...done
Ready to Finish

Object names       Objects/Maxobjs  Memory / Maxmem  Fullness 
------------       ---------------  ---------------  -------- 
models                   1/1024           48/49152    ( 0.1%) 
brushes                  8/8192           96/98304    ( 0.1%) 
brushsides              48/65536         384/524288   ( 0.1%) 
planes                  44/65536         880/1310720  ( 0.1%) 
vertexes                57/65536         684/786432   ( 0.1%) 
nodes                   50/65536        1600/2097152  ( 0.1%) 
texinfos                 6/12288         432/884736   ( 0.0%) 
texdata                  1/2048           32/65536    ( 0.0%) 
dispinfos                0/0               0/0        ( 0.0%) 
disp_verts               0/0               0/0        ( 0.0%) 
disp_tris                0/0               0/0        ( 0.0%) 
disp_lmsamples           0/0               0/0        ( 0.0%) 
faces                   44/65536        2464/3670016  ( 0.1%) 
hdr faces               44/65536        2464/3670016  ( 0.1%) 
origfaces               31/65536        1736/3670016  ( 0.0%) 
leaves                  52/65536        1664/2097152  ( 0.1%) 
leaffaces               44/65536          88/131072   ( 0.1%) 
leafbrushes             12/65536          24/131072   ( 0.0%) 
areas                    2/256            16/2048     ( 0.8%) 
surfedges              320/512000       1280/2048000  ( 0.1%) 
edges                  185/256000        740/1024000  ( 0.1%) 
LDR worldlights          4/8192          352/720896   ( 0.0%) 
HDR worldlights          4/8192          352/720896   ( 0.0%) 
leafwaterdata            0/32768           0/393216   ( 0.0%) 
waterstrips              0/32768           0/327680   ( 0.0%) 
waterverts               0/65536           0/786432   ( 0.0%) 
waterindices             0/65536           0/131072   ( 0.0%) 
cubemapsamples           0/1024            0/16384    ( 0.0%) 
overlays                 0/512             0/180224   ( 0.0%) 
LDR lightdata         [variable]       26104/0        ( 0.0%) 
HDR lightdata         [variable]       26104/0        ( 0.0%) 
visdata               [variable]           0/16777216 ( 0.0%) 
entdata               [variable]        1348/393216   ( 0.3%) 
LDR ambient table       52/65536         208/262144   ( 0.1%) 
HDR ambient table       52/65536         208/262144   ( 0.1%) 
LDR leaf ambient        98/65536        2744/1835008  ( 0.1%) 
HDR leaf ambient        98/65536        2744/1835008  ( 0.1%) 
occluders                0/0               0/0        ( 0.0%) 
occluder polygons        0/0               0/0        ( 0.0%) 
occluder vert ind        0/0               0/0        ( 0.0%) 
detail props          [variable]           1/12       ( 8.3%) 
static props          [variable]           1/412      ( 0.2%) 
pakfile               [variable]      105723/0        ( 0.0%) 
physics               [variable]        3001/4194304  ( 0.1%) 
physics terrain       [variable]           2/1048576  ( 0.0%) 

Level flags = 0

Total triangle count: 108
Writing c:\users\matthew\onedrive\source dev repos\sourcedev\hl2-mappack\maps\c1m1a_corridor_building.bsp
0 seconds elapsed



materialPath: C:\Program Files (x86)\Steam\steamapps\common\Half-Life 2\ep2\materials
Loading C:\Users\Matthew\OneDrive\Source Dev Repos\sourcedev\HL2-Mappack\maps\c1m1a_corridor_building.vmf
Could not locate 'GameData' key in c:\program files (x86)\steam\steamapps\common\half-life 2\ep2\gameinfo.txt
fixing up env_cubemap materials on brush sides...
0...1...2...3...4...5...6...7...8...9...10**** leaked ****
Entity prop_door_rotating (384.00 -400.00 56.00) leaked!
Processing areas...done (0)
Building Faces...done (0)
Chop Details...done (0)
Find Visible Detail Sides...done (0)
Merging details...done (0)
FixTjuncs...
PruneNodes...
WriteBSP...
done (0)
Creating default LDR cubemaps for env_cubemap using skybox materials:
   skybox/sky_day01_01*.vmt
 ! Run buildcubemaps in the engine to get the correct cube maps.
Creating default HDR cubemaps for env_cubemap using skybox materials:
   skybox/sky_day01_01*.vmt
 ! Run buildcubemaps in the engine to get the correct cube maps.
Finding displacement neighbors...
Finding lightmap sample positions...
Displacement Alpha : 0...1...2...3...4...5...6...7...8...9...10
Building Physics collision data...
done (0) (6356 bytes)
Placing detail props : 0...1...2...3...4...5...6...7...8...9...10
Compacting texture/material tables...
Reduced 28 texinfos to 13
Reduced 5 texdatas to 4 (112 bytes to 90)
Writing C:\Users\Matthew\OneDrive\Source Dev Repos\sourcedev\HL2-Mappack\maps\c1m1a_corridor_building.bsp
0 seconds elapsed



4 threads
reading c:\users\matthew\onedrive\source dev repos\sourcedev\hl2-mappack\maps\c1m1a_corridor_building.bsp
reading c:\users\matthew\onedrive\source dev repos\sourcedev\hl2-mappack\maps\c1m1a_corridor_building.prt
LoadPortals: couldn't read c:\users\matthew\onedrive\source dev repos\sourcedev\hl2-mappack\maps\c1m1a_corridor_building.prt



[Reading texlights from 'lights.rad']
[48 texlights parsed from 'lights.rad']

Loading c:\users\matthew\onedrive\source dev repos\sourcedev\hl2-mappack\maps\c1m1a_corridor_building.bsp
No vis information, direct lighting only.
38 faces
8827 square feet [1271226.00 square inches]
0 Displacements
0 Square Feet [0.00 Square Inches]
4 direct lights
0...1...2...3...4...5...6...7...8...9...10Build Patch/Sample Hash Table(s).....Done<0.0004 sec>
0...1...2...3...4...5...6...7...8...9...10FinalLightFace Done
0 of 0 (0% of) surface lights went in leaf ambient cubes.
0...1...2...3...4...5...6...7...8...9...10Writing leaf ambient...done
Ready to Finish

Object names       Objects/Maxobjs  Memory / Maxmem  Fullness 
------------       ---------------  ---------------  -------- 
models                   1/1024           48/49152    ( 0.1%) 
brushes                 18/8192          216/98304    ( 0.2%) 
brushsides             113/65536         904/524288   ( 0.2%) 
planes                  84/65536        1680/1310720  ( 0.1%) 
vertexes               135/65536        1620/786432   ( 0.2%) 
nodes                   60/65536        1920/2097152  ( 0.1%) 
texinfos                13/12288         936/884736   ( 0.1%) 
texdata                  4/2048          128/65536    ( 0.2%) 
dispinfos                0/0               0/0        ( 0.0%) 
disp_verts               0/0               0/0        ( 0.0%) 
disp_tris                0/0               0/0        ( 0.0%) 
disp_lmsamples           0/0               0/0        ( 0.0%) 
faces                   38/65536        2128/3670016  ( 0.1%) 
hdr faces                0/65536           0/3670016  ( 0.0%) 
origfaces               29/65536        1624/3670016  ( 0.0%) 
leaves                  62/65536        1984/2097152  ( 0.1%) 
leaffaces               38/65536          76/131072   ( 0.1%) 
leafbrushes             28/65536          56/131072   ( 0.0%) 
areas                    2/256            16/2048     ( 0.8%) 
surfedges              288/512000       1152/2048000  ( 0.1%) 
edges                  211/256000        844/1024000  ( 0.1%) 
LDR worldlights          4/8192          352/720896   ( 0.0%) 
HDR worldlights          0/8192            0/720896   ( 0.0%) 
leafwaterdata            0/32768           0/393216   ( 0.0%) 
waterstrips              1/32768          10/327680   ( 0.0%) 
waterverts               0/65536           0/786432   ( 0.0%) 
waterindices            12/65536          24/131072   ( 0.0%) 
cubemapsamples           0/1024            0/16384    ( 0.0%) 
overlays                 0/512             0/180224   ( 0.0%) 
LDR lightdata         [variable]       49900/0        ( 0.0%) 
HDR lightdata         [variable]           0/0        ( 0.0%) 
visdata               [variable]           0/16777216 ( 0.0%) 
entdata               [variable]        1353/393216   ( 0.3%) 
LDR ambient table       62/65536         248/262144   ( 0.1%) 
HDR ambient table       62/65536         248/262144   ( 0.1%) 
LDR leaf ambient       374/65536       10472/1835008  ( 0.6%) 
HDR leaf ambient        62/65536        1736/1835008  ( 0.1%) 
occluders                0/0               0/0        ( 0.0%) 
occluder polygons        0/0               0/0        ( 0.0%) 
occluder vert ind        0/0               0/0        ( 0.0%) 
detail props          [variable]           1/12       ( 8.3%) 
static props          [variable]           1/412      ( 0.2%) 
pakfile               [variable]      105723/0        ( 0.0%) 
physics               [variable]        6356/4194304  ( 0.2%) 
physics terrain       [variable]           2/1048576  ( 0.0%) 

Level flags = 0

Total triangle count: 96
Writing c:\users\matthew\onedrive\source dev repos\sourcedev\hl2-mappack\maps\c1m1a_corridor_building.bsp
0 seconds elapsed



[Reading texlights from 'lights.rad']
[48 texlights parsed from 'lights.rad']

Loading c:\users\matthew\onedrive\source dev repos\sourcedev\hl2-mappack\maps\c1m1a_corridor_building.bsp
No vis information, direct lighting only.
38 faces
8827 square feet [1271226.00 square inches]
0 Displacements
0 Square Feet [0.00 Square Inches]
4 direct lights
0...1...2...3...4...5...6...7...8...9...10Build Patch/Sample Hash Table(s).....Done<0.0002 sec>
0...1...2...3...4...5...6...7...8...9...10FinalLightFace Done
0 of 0 (0% of) surface lights went in leaf ambient cubes.
0...1...2...3...4...5...6...7...8...9...10Writing leaf ambient...done
Ready to Finish

Object names       Objects/Maxobjs  Memory / Maxmem  Fullness 
------------       ---------------  ---------------  -------- 
models                   1/1024           48/49152    ( 0.1%) 
brushes                 18/8192          216/98304    ( 0.2%) 
brushsides             113/65536         904/524288   ( 0.2%) 
planes                  84/65536        1680/1310720  ( 0.1%) 
vertexes               135/65536        1620/786432   ( 0.2%) 
nodes                   60/65536        1920/2097152  ( 0.1%) 
texinfos                13/12288         936/884736   ( 0.1%) 
texdata                  4/2048          128/65536    ( 0.2%) 
dispinfos                0/0               0/0        ( 0.0%) 
disp_verts               0/0               0/0        ( 0.0%) 
disp_tris                0/0               0/0        ( 0.0%) 
disp_lmsamples           0/0               0/0        ( 0.0%) 
faces                   38/65536        2128/3670016  ( 0.1%) 
hdr faces               38/65536        2128/3670016  ( 0.1%) 
origfaces               29/65536        1624/3670016  ( 0.0%) 
leaves                  62/65536        1984/2097152  ( 0.1%) 
leaffaces               38/65536          76/131072   ( 0.1%) 
leafbrushes             28/65536          56/131072   ( 0.0%) 
areas                    2/256            16/2048     ( 0.8%) 
surfedges              288/512000       1152/2048000  ( 0.1%) 
edges                  211/256000        844/1024000  ( 0.1%) 
LDR worldlights          4/8192          352/720896   ( 0.0%) 
HDR worldlights          4/8192          352/720896   ( 0.0%) 
leafwaterdata            0/32768           0/393216   ( 0.0%) 
waterstrips              1/32768          10/327680   ( 0.0%) 
waterverts               0/65536           0/786432   ( 0.0%) 
waterindices            12/65536          24/131072   ( 0.0%) 
cubemapsamples           0/1024            0/16384    ( 0.0%) 
overlays                 0/512             0/180224   ( 0.0%) 
LDR lightdata         [variable]       49900/0        ( 0.0%) 
HDR lightdata         [variable]       49900/0        ( 0.0%) 
visdata               [variable]           0/16777216 ( 0.0%) 
entdata               [variable]        1353/393216   ( 0.3%) 
LDR ambient table       62/65536         248/262144   ( 0.1%) 
HDR ambient table       62/65536         248/262144   ( 0.1%) 
LDR leaf ambient       374/65536       10472/1835008  ( 0.6%) 
HDR leaf ambient       374/65536       10472/1835008  ( 0.6%) 
occluders                0/0               0/0        ( 0.0%) 
occluder polygons        0/0               0/0        ( 0.0%) 
occluder vert ind        0/0               0/0        ( 0.0%) 
detail props          [variable]           1/12       ( 8.3%) 
static props          [variable]           1/412      ( 0.2%) 
pakfile               [variable]      105723/0        ( 0.0%) 
physics               [variable]        6356/4194304  ( 0.2%) 
physics terrain       [variable]           2/1048576  ( 0.0%) 

Level flags = 0

Total triangle count: 96
Writing c:\users\matthew\onedrive\source dev repos\sourcedev\hl2-mappack\maps\c1m1a_corridor_building.bsp
0 seconds elapsed



materialPath: C:\Program Files (x86)\Steam\steamapps\common\Half-Life 2\ep2\materials
Loading C:\Users\Matthew\OneDrive\Source Dev Repos\sourcedev\HL2-Mappack\maps\c1m1a_corridor_building.vmf
Could not locate 'GameData' key in c:\program files (x86)\steam\steamapps\common\half-life 2\ep2\gameinfo.txt
fixing up env_cubemap materials on brush sides...
0...1...2...3...4...5...6...7...8...9...10**** leaked ****
Entity prop_door_rotating (384.00 -400.00 56.00) leaked!
Processing areas...done (0)
Building Faces...done (0)
Chop Details...done (0)
Find Visible Detail Sides...done (0)
Merging details...done (0)
FixTjuncs...
PruneNodes...
WriteBSP...
done (0)
Creating default LDR cubemaps for env_cubemap using skybox materials:
   skybox/sky_day01_01*.vmt
 ! Run buildcubemaps in the engine to get the correct cube maps.
Creating default HDR cubemaps for env_cubemap using skybox materials:
   skybox/sky_day01_01*.vmt
 ! Run buildcubemaps in the engine to get the correct cube maps.
Finding displacement neighbors...
Finding lightmap sample positions...
Displacement Alpha : 0...1...2...3...4...5...6...7...8...9...10
Building Physics collision data...
done (0) (6748 bytes)
Placing detail props : 0...1...2...3...4...5...6...7...8...9...10
Compacting texture/material tables...
Reduced 28 texinfos to 13
Reduced 5 texdatas to 4 (112 bytes to 90)
Writing C:\Users\Matthew\OneDrive\Source Dev Repos\sourcedev\HL2-Mappack\maps\c1m1a_corridor_building.bsp
0 seconds elapsed



4 threads
reading c:\users\matthew\onedrive\source dev repos\sourcedev\hl2-mappack\maps\c1m1a_corridor_building.bsp
reading c:\users\matthew\onedrive\source dev repos\sourcedev\hl2-mappack\maps\c1m1a_corridor_building.prt
LoadPortals: couldn't read c:\users\matthew\onedrive\source dev repos\sourcedev\hl2-mappack\maps\c1m1a_corridor_building.prt



[Reading texlights from 'lights.rad']
[48 texlights parsed from 'lights.rad']

Loading c:\users\matthew\onedrive\source dev repos\sourcedev\hl2-mappack\maps\c1m1a_corridor_building.bsp
No vis information, direct lighting only.
38 faces
8827 square feet [1271226.00 square inches]
0 Displacements
0 Square Feet [0.00 Square Inches]
4 direct lights
0...1...2...3...4...5...6...7...8...9...10Build Patch/Sample Hash Table(s).....Done<0.0004 sec>
0...1...2...3...4...5...6...7...8...9...10FinalLightFace Done
0 of 0 (0% of) surface lights went in leaf ambient cubes.
0...1...2...3...4...5...6...7...8...9...10Writing leaf ambient...done
Ready to Finish

Object names       Objects/Maxobjs  Memory / Maxmem  Fullness 
------------       ---------------  ---------------  -------- 
models                   1/1024           48/49152    ( 0.1%) 
brushes                 19/8192          228/98304    ( 0.2%) 
brushsides             119/65536         952/524288   ( 0.2%) 
planes                  90/65536        1800/1310720  ( 0.1%) 
vertexes               135/65536        1620/786432   ( 0.2%) 
nodes                   60/65536        1920/2097152  ( 0.1%) 
texinfos                13/12288         936/884736   ( 0.1%) 
texdata                  4/2048          128/65536    ( 0.2%) 
dispinfos                0/0               0/0        ( 0.0%) 
disp_verts               0/0               0/0        ( 0.0%) 
disp_tris                0/0               0/0        ( 0.0%) 
disp_lmsamples           0/0               0/0        ( 0.0%) 
faces                   38/65536        2128/3670016  ( 0.1%) 
hdr faces                0/65536           0/3670016  ( 0.0%) 
origfaces               29/65536        1624/3670016  ( 0.0%) 
leaves                  62/65536        1984/2097152  ( 0.1%) 
leaffaces               38/65536          76/131072   ( 0.1%) 
leafbrushes             29/65536          58/131072   ( 0.0%) 
areas                    2/256            16/2048     ( 0.8%) 
surfedges              288/512000       1152/2048000  ( 0.1%) 
edges                  211/256000        844/1024000  ( 0.1%) 
LDR worldlights          4/8192          352/720896   ( 0.0%) 
HDR worldlights          0/8192            0/720896   ( 0.0%) 
leafwaterdata            0/32768           0/393216   ( 0.0%) 
waterstrips              1/32768          10/327680   ( 0.0%) 
waterverts               0/65536           0/786432   ( 0.0%) 
waterindices            12/65536          24/131072   ( 0.0%) 
cubemapsamples           0/1024            0/16384    ( 0.0%) 
overlays                 0/512             0/180224   ( 0.0%) 
LDR lightdata         [variable]       49900/0        ( 0.0%) 
HDR lightdata         [variable]           0/0        ( 0.0%) 
visdata               [variable]           0/16777216 ( 0.0%) 
entdata               [variable]        1353/393216   ( 0.3%) 
LDR ambient table       62/65536         248/262144   ( 0.1%) 
HDR ambient table       62/65536         248/262144   ( 0.1%) 
LDR leaf ambient       374/65536       10472/1835008  ( 0.6%) 
HDR leaf ambient        62/65536        1736/1835008  ( 0.1%) 
occluders                0/0               0/0        ( 0.0%) 
occluder polygons        0/0               0/0        ( 0.0%) 
occluder vert ind        0/0               0/0        ( 0.0%) 
detail props          [variable]           1/12       ( 8.3%) 
static props          [variable]           1/412      ( 0.2%) 
pakfile               [variable]      105723/0        ( 0.0%) 
physics               [variable]        6748/4194304  ( 0.2%) 
physics terrain       [variable]           2/1048576  ( 0.0%) 

Level flags = 0

Total triangle count: 96
Writing c:\users\matthew\onedrive\source dev repos\sourcedev\hl2-mappack\maps\c1m1a_corridor_building.bsp
0 seconds elapsed



[Reading texlights from 'lights.rad']
[48 texlights parsed from 'lights.rad']

Loading c:\users\matthew\onedrive\source dev repos\sourcedev\hl2-mappack\maps\c1m1a_corridor_building.bsp
No vis information, direct lighting only.
38 faces
8827 square feet [1271226.00 square inches]
0 Displacements
0 Square Feet [0.00 Square Inches]
4 direct lights
0...1...2...3...4...5...6...7...8...9...10Build Patch/Sample Hash Table(s).....Done<0.0008 sec>
0...1...2...3...4...5...6...7...8...9...10FinalLightFace Done
0 of 0 (0% of) surface lights went in leaf ambient cubes.
0...1...2...3...4...5...6...7...8...9...10Writing leaf ambient...done
Ready to Finish

Object names       Objects/Maxobjs  Memory / Maxmem  Fullness 
------------       ---------------  ---------------  -------- 
models                   1/1024           48/49152    ( 0.1%) 
brushes                 19/8192          228/98304    ( 0.2%) 
brushsides             119/65536         952/524288   ( 0.2%) 
planes                  90/65536        1800/1310720  ( 0.1%) 
vertexes               135/65536        1620/786432   ( 0.2%) 
nodes                   60/65536        1920/2097152  ( 0.1%) 
texinfos                13/12288         936/884736   ( 0.1%) 
texdata                  4/2048          128/65536    ( 0.2%) 
dispinfos                0/0               0/0        ( 0.0%) 
disp_verts               0/0               0/0        ( 0.0%) 
disp_tris                0/0               0/0        ( 0.0%) 
disp_lmsamples           0/0               0/0        ( 0.0%) 
faces                   38/65536        2128/3670016  ( 0.1%) 
hdr faces               38/65536        2128/3670016  ( 0.1%) 
origfaces               29/65536        1624/3670016  ( 0.0%) 
leaves                  62/65536        1984/2097152  ( 0.1%) 
leaffaces               38/65536          76/131072   ( 0.1%) 
leafbrushes             29/65536          58/131072   ( 0.0%) 
areas                    2/256            16/2048     ( 0.8%) 
surfedges              288/512000       1152/2048000  ( 0.1%) 
edges                  211/256000        844/1024000  ( 0.1%) 
LDR worldlights          4/8192          352/720896   ( 0.0%) 
HDR worldlights          4/8192          352/720896   ( 0.0%) 
leafwaterdata            0/32768           0/393216   ( 0.0%) 
waterstrips              1/32768          10/327680   ( 0.0%) 
waterverts               0/65536           0/786432   ( 0.0%) 
waterindices            12/65536          24/131072   ( 0.0%) 
cubemapsamples           0/1024            0/16384    ( 0.0%) 
overlays                 0/512             0/180224   ( 0.0%) 
LDR lightdata         [variable]       49900/0        ( 0.0%) 
HDR lightdata         [variable]       49900/0        ( 0.0%) 
visdata               [variable]           0/16777216 ( 0.0%) 
entdata               [variable]        1353/393216   ( 0.3%) 
LDR ambient table       62/65536         248/262144   ( 0.1%) 
HDR ambient table       62/65536         248/262144   ( 0.1%) 
LDR leaf ambient       374/65536       10472/1835008  ( 0.6%) 
HDR leaf ambient       374/65536       10472/1835008  ( 0.6%) 
occluders                0/0               0/0        ( 0.0%) 
occluder polygons        0/0               0/0        ( 0.0%) 
occluder vert ind        0/0               0/0        ( 0.0%) 
detail props          [variable]           1/12       ( 8.3%) 
static props          [variable]           1/412      ( 0.2%) 
pakfile               [variable]      105723/0        ( 0.0%) 
physics               [variable]        6748/4194304  ( 0.2%) 
physics terrain       [variable]           2/1048576  ( 0.0%) 

Level flags = 0

Total triangle count: 96
Writing c:\users\matthew\onedrive\source dev repos\sourcedev\hl2-mappack\maps\c1m1a_corridor_building.bsp
0 seconds elapsed



materialPath: C:\Program Files (x86)\Steam\steamapps\common\Half-Life 2\ep2\materials
Loading C:\Users\Matthew\OneDrive\Source Dev Repos\sourcedev\HL2-Mappack\maps\c1m1a_corridor_building.vmf
Could not locate 'GameData' key in c:\program files (x86)\steam\steamapps\common\half-life 2\ep2\gameinfo.txt
fixing up env_cubemap materials on brush sides...
0...1...2...3...4...5...6...7...8...9...10**** leaked ****
Entity prop_door_rotating (384.00 -400.00 56.00) leaked!
Processing areas...done (0)
Building Faces...done (0)
Chop Details...done (0)
Find Visible Detail Sides...done (0)
Merging details...done (0)
FixTjuncs...
PruneNodes...
WriteBSP...
done (0)
Creating default LDR cubemaps for env_cubemap using skybox materials:
   skybox/sky_day01_01*.vmt
 ! Run buildcubemaps in the engine to get the correct cube maps.
Creating default HDR cubemaps for env_cubemap using skybox materials:
   skybox/sky_day01_01*.vmt
 ! Run buildcubemaps in the engine to get the correct cube maps.
Finding displacement neighbors...
Finding lightmap sample positions...
Displacement Alpha : 0...1...2...3...4...5...6...7...8...9...10
Building Physics collision data...
done (0) (7532 bytes)
Placing detail props : 0...1...2...3...4...5...6...7...8...9...10
Compacting texture/material tables...
Reduced 33 texinfos to 14
Reduced 6 texdatas to 5 (136 bytes to 114)
Writing C:\Users\Matthew\OneDrive\Source Dev Repos\sourcedev\HL2-Mappack\maps\c1m1a_corridor_building.bsp
0 seconds elapsed



4 threads
reading c:\users\matthew\onedrive\source dev repos\sourcedev\hl2-mappack\maps\c1m1a_corridor_building.bsp
reading c:\users\matthew\onedrive\source dev repos\sourcedev\hl2-mappack\maps\c1m1a_corridor_building.prt
LoadPortals: couldn't read c:\users\matthew\onedrive\source dev repos\sourcedev\hl2-mappack\maps\c1m1a_corridor_building.prt



[Reading texlights from 'lights.rad']
[48 texlights parsed from 'lights.rad']

Loading c:\users\matthew\onedrive\source dev repos\sourcedev\hl2-mappack\maps\c1m1a_corridor_building.bsp
No vis information, direct lighting only.
47 faces
10216 square feet [1471238.00 square inches]
0 Displacements
0 Square Feet [0.00 Square Inches]
4 direct lights
0...1...2...3...4...5...6...7...8...9...10Build Patch/Sample Hash Table(s).....Done<0.0002 sec>
0...1...2...3...4...5...6...7...8...9...10FinalLightFace Done
0 of 0 (0% of) surface lights went in leaf ambient cubes.
0...1...2...3...4...5...6...7...8...9...10Writing leaf ambient...done
Ready to Finish

Object names       Objects/Maxobjs  Memory / Maxmem  Fullness 
------------       ---------------  ---------------  -------- 
models                   1/1024           48/49152    ( 0.1%) 
brushes                 21/8192          252/98304    ( 0.3%) 
brushsides             131/65536        1048/524288   ( 0.2%) 
planes                  94/65536        1880/1310720  ( 0.1%) 
vertexes               162/65536        1944/786432   ( 0.2%) 
nodes                   62/65536        1984/2097152  ( 0.1%) 
texinfos                14/12288        1008/884736   ( 0.1%) 
texdata                  5/2048          160/65536    ( 0.2%) 
dispinfos                0/0               0/0        ( 0.0%) 
disp_verts               0/0               0/0        ( 0.0%) 
disp_tris                0/0               0/0        ( 0.0%) 
disp_lmsamples           0/0               0/0        ( 0.0%) 
faces                   47/65536        2632/3670016  ( 0.1%) 
hdr faces                0/65536           0/3670016  ( 0.0%) 
origfaces               34/65536        1904/3670016  ( 0.1%) 
leaves                  64/65536        2048/2097152  ( 0.1%) 
leaffaces               49/65536          98/131072   ( 0.1%) 
leafbrushes             29/65536          58/131072   ( 0.0%) 
areas                    2/256            16/2048     ( 0.8%) 
surfedges              353/512000       1412/2048000  ( 0.1%) 
edges                  256/256000       1024/1024000  ( 0.1%) 
LDR worldlights          4/8192          352/720896   ( 0.0%) 
HDR worldlights          0/8192            0/720896   ( 0.0%) 
leafwaterdata            0/32768           0/393216   ( 0.0%) 
waterstrips              0/32768           0/327680   ( 0.0%) 
waterverts               0/65536           0/786432   ( 0.0%) 
waterindices             0/65536           0/131072   ( 0.0%) 
cubemapsamples           0/1024            0/16384    ( 0.0%) 
overlays                 0/512             0/180224   ( 0.0%) 
LDR lightdata         [variable]       48104/0        ( 0.0%) 
HDR lightdata         [variable]           0/0        ( 0.0%) 
visdata               [variable]           0/16777216 ( 0.0%) 
entdata               [variable]        1353/393216   ( 0.3%) 
LDR ambient table       64/65536         256/262144   ( 0.1%) 
HDR ambient table       64/65536         256/262144   ( 0.1%) 
LDR leaf ambient       409/65536       11452/1835008  ( 0.6%) 
HDR leaf ambient        64/65536        1792/1835008  ( 0.1%) 
occluders                0/0               0/0        ( 0.0%) 
occluder polygons        0/0               0/0        ( 0.0%) 
occluder vert ind        0/0               0/0        ( 0.0%) 
detail props          [variable]           1/12       ( 8.3%) 
static props          [variable]           1/412      ( 0.2%) 
pakfile               [variable]      105723/0        ( 0.0%) 
physics               [variable]        7532/4194304  ( 0.2%) 
physics terrain       [variable]           2/1048576  ( 0.0%) 

Level flags = 0

Total triangle count: 123
Writing c:\users\matthew\onedrive\source dev repos\sourcedev\hl2-mappack\maps\c1m1a_corridor_building.bsp
0 seconds elapsed



[Reading texlights from 'lights.rad']
[48 texlights parsed from 'lights.rad']

Loading c:\users\matthew\onedrive\source dev repos\sourcedev\hl2-mappack\maps\c1m1a_corridor_building.bsp
No vis information, direct lighting only.
47 faces
10216 square feet [1471238.00 square inches]
0 Displacements
0 Square Feet [0.00 Square Inches]
4 direct lights
0...1...2...3...4...5...6...7...8...9...10Build Patch/Sample Hash Table(s).....Done<0.0003 sec>
0...1...2...3...4...5...6...7...8...9...10FinalLightFace Done
0 of 0 (0% of) surface lights went in leaf ambient cubes.
0...1...2...3...4...5...6...7...8...9...10Writing leaf ambient...done
Ready to Finish

Object names       Objects/Maxobjs  Memory / Maxmem  Fullness 
------------       ---------------  ---------------  -------- 
models                   1/1024           48/49152    ( 0.1%) 
brushes                 21/8192          252/98304    ( 0.3%) 
brushsides             131/65536        1048/524288   ( 0.2%) 
planes                  94/65536        1880/1310720  ( 0.1%) 
vertexes               162/65536        1944/786432   ( 0.2%) 
nodes                   62/65536        1984/2097152  ( 0.1%) 
texinfos                14/12288        1008/884736   ( 0.1%) 
texdata                  5/2048          160/65536    ( 0.2%) 
dispinfos                0/0               0/0        ( 0.0%) 
disp_verts               0/0               0/0        ( 0.0%) 
disp_tris                0/0               0/0        ( 0.0%) 
disp_lmsamples           0/0               0/0        ( 0.0%) 
faces                   47/65536        2632/3670016  ( 0.1%) 
hdr faces               47/65536        2632/3670016  ( 0.1%) 
origfaces               34/65536        1904/3670016  ( 0.1%) 
leaves                  64/65536        2048/2097152  ( 0.1%) 
leaffaces               49/65536          98/131072   ( 0.1%) 
leafbrushes             29/65536          58/131072   ( 0.0%) 
areas                    2/256            16/2048     ( 0.8%) 
surfedges              353/512000       1412/2048000  ( 0.1%) 
edges                  256/256000       1024/1024000  ( 0.1%) 
LDR worldlights          4/8192          352/720896   ( 0.0%) 
HDR worldlights          4/8192          352/720896   ( 0.0%) 
leafwaterdata            0/32768           0/393216   ( 0.0%) 
waterstrips              0/32768           0/327680   ( 0.0%) 
waterverts               0/65536           0/786432   ( 0.0%) 
waterindices             0/65536           0/131072   ( 0.0%) 
cubemapsamples           0/1024            0/16384    ( 0.0%) 
overlays                 0/512             0/180224   ( 0.0%) 
LDR lightdata         [variable]       48104/0        ( 0.0%) 
HDR lightdata         [variable]       48104/0        ( 0.0%) 
visdata               [variable]           0/16777216 ( 0.0%) 
entdata               [variable]        1353/393216   ( 0.3%) 
LDR ambient table       64/65536         256/262144   ( 0.1%) 
HDR ambient table       64/65536         256/262144   ( 0.1%) 
LDR leaf ambient       409/65536       11452/1835008  ( 0.6%) 
HDR leaf ambient       409/65536       11452/1835008  ( 0.6%) 
occluders                0/0               0/0        ( 0.0%) 
occluder polygons        0/0               0/0        ( 0.0%) 
occluder vert ind        0/0               0/0        ( 0.0%) 
detail props          [variable]           1/12       ( 8.3%) 
static props          [variable]           1/412      ( 0.2%) 
pakfile               [variable]      105723/0        ( 0.0%) 
physics               [variable]        7532/4194304  ( 0.2%) 
physics terrain       [variable]           2/1048576  ( 0.0%) 

Level flags = 0

Total triangle count: 123
Writing c:\users\matthew\onedrive\source dev repos\sourcedev\hl2-mappack\maps\c1m1a_corridor_building.bsp
0 seconds elapsed



materialPath: C:\Program Files (x86)\Steam\steamapps\common\Half-Life 2\ep2\materials
Loading C:\Users\Matthew\OneDrive\Source Dev Repos\sourcedev\HL2-Mappack\maps\c1m1a_corridor_building.vmf
Could not locate 'GameData' key in c:\program files (x86)\steam\steamapps\common\half-life 2\ep2\gameinfo.txt
fixing up env_cubemap materials on brush sides...
0...1...2...3...4...5...6...7...8...9...10**** leaked ****
Entity prop_door_rotating (384.00 -400.00 56.00) leaked!
Processing areas...done (0)
Building Faces...done (0)
Chop Details...done (0)
Find Visible Detail Sides...done (0)
Merging details...done (0)
FixTjuncs...
PruneNodes...
WriteBSP...
done (0)
Creating default LDR cubemaps for env_cubemap using skybox materials:
   skybox/sky_day01_01*.vmt
 ! Run buildcubemaps in the engine to get the correct cube maps.
Creating default HDR cubemaps for env_cubemap using skybox materials:
   skybox/sky_day01_01*.vmt
 ! Run buildcubemaps in the engine to get the correct cube maps.
Finding displacement neighbors...
Finding lightmap sample positions...
Displacement Alpha : 0...1...2...3...4...5...6...7...8...9...10
Building Physics collision data...
done (0) (7532 bytes)
Placing detail props : 0...1...2...3...4...5...6...7...8...9...10
Compacting texture/material tables...
Reduced 33 texinfos to 14
Reduced 6 texdatas to 5 (136 bytes to 114)
Writing C:\Users\Matthew\OneDrive\Source Dev Repos\sourcedev\HL2-Mappack\maps\c1m1a_corridor_building.bsp
0 seconds elapsed



4 threads
reading c:\users\matthew\onedrive\source dev repos\sourcedev\hl2-mappack\maps\c1m1a_corridor_building.bsp
reading c:\users\matthew\onedrive\source dev repos\sourcedev\hl2-mappack\maps\c1m1a_corridor_building.prt
LoadPortals: couldn't read c:\users\matthew\onedrive\source dev repos\sourcedev\hl2-mappack\maps\c1m1a_corridor_building.prt



[Reading texlights from 'lights.rad']
[48 texlights parsed from 'lights.rad']

Loading c:\users\matthew\onedrive\source dev repos\sourcedev\hl2-mappack\maps\c1m1a_corridor_building.bsp
No vis information, direct lighting only.
47 faces
10216 square feet [1471238.00 square inches]
0 Displacements
0 Square Feet [0.00 Square Inches]
4 direct lights
0...1...2...3...4...5...6...7...8...9...10Build Patch/Sample Hash Table(s).....Done<0.0003 sec>
0...1...2...3...4...5...6...7...8...9...10FinalLightFace Done
0 of 0 (0% of) surface lights went in leaf ambient cubes.
0...1...2...3...4...5...6...7...8...9...10Writing leaf ambient...done
Ready to Finish

Object names       Objects/Maxobjs  Memory / Maxmem  Fullness 
------------       ---------------  ---------------  -------- 
models                   1/1024           48/49152    ( 0.1%) 
brushes                 21/8192          252/98304    ( 0.3%) 
brushsides             131/65536        1048/524288   ( 0.2%) 
planes                  94/65536        1880/1310720  ( 0.1%) 
vertexes               162/65536        1944/786432   ( 0.2%) 
nodes                   62/65536        1984/2097152  ( 0.1%) 
texinfos                14/12288        1008/884736   ( 0.1%) 
texdata                  5/2048          160/65536    ( 0.2%) 
dispinfos                0/0               0/0        ( 0.0%) 
disp_verts               0/0               0/0        ( 0.0%) 
disp_tris                0/0               0/0        ( 0.0%) 
disp_lmsamples           0/0               0/0        ( 0.0%) 
faces                   47/65536        2632/3670016  ( 0.1%) 
hdr faces                0/65536           0/3670016  ( 0.0%) 
origfaces               34/65536        1904/3670016  ( 0.1%) 
leaves                  64/65536        2048/2097152  ( 0.1%) 
leaffaces               49/65536          98/131072   ( 0.1%) 
leafbrushes             29/65536          58/131072   ( 0.0%) 
areas                    2/256            16/2048     ( 0.8%) 
surfedges              353/512000       1412/2048000  ( 0.1%) 
edges                  256/256000       1024/1024000  ( 0.1%) 
LDR worldlights          4/8192          352/720896   ( 0.0%) 
HDR worldlights          0/8192            0/720896   ( 0.0%) 
leafwaterdata            0/32768           0/393216   ( 0.0%) 
waterstrips              0/32768           0/327680   ( 0.0%) 
waterverts               0/65536           0/786432   ( 0.0%) 
waterindices             0/65536           0/131072   ( 0.0%) 
cubemapsamples           0/1024            0/16384    ( 0.0%) 
overlays                 0/512             0/180224   ( 0.0%) 
LDR lightdata         [variable]       48104/0        ( 0.0%) 
HDR lightdata         [variable]           0/0        ( 0.0%) 
visdata               [variable]           0/16777216 ( 0.0%) 
entdata               [variable]        1353/393216   ( 0.3%) 
LDR ambient table       64/65536         256/262144   ( 0.1%) 
HDR ambient table       64/65536         256/262144   ( 0.1%) 
LDR leaf ambient       409/65536       11452/1835008  ( 0.6%) 
HDR leaf ambient        64/65536        1792/1835008  ( 0.1%) 
occluders                0/0               0/0        ( 0.0%) 
occluder polygons        0/0               0/0        ( 0.0%) 
occluder vert ind        0/0               0/0        ( 0.0%) 
detail props          [variable]           1/12       ( 8.3%) 
static props          [variable]           1/412      ( 0.2%) 
pakfile               [variable]      105723/0        ( 0.0%) 
physics               [variable]        7532/4194304  ( 0.2%) 
physics terrain       [variable]           2/1048576  ( 0.0%) 

Level flags = 0

Total triangle count: 123
Writing c:\users\matthew\onedrive\source dev repos\sourcedev\hl2-mappack\maps\c1m1a_corridor_building.bsp
0 seconds elapsed



[Reading texlights from 'lights.rad']
[48 texlights parsed from 'lights.rad']

Loading c:\users\matthew\onedrive\source dev repos\sourcedev\hl2-mappack\maps\c1m1a_corridor_building.bsp
No vis information, direct lighting only.
47 faces
10216 square feet [1471238.00 square inches]
0 Displacements
0 Square Feet [0.00 Square Inches]
4 direct lights
0...1...2...3...4...5...6...7...8...9...10Build Patch/Sample Hash Table(s).....Done<0.0006 sec>
0...1...2...3...4...5...6...7...8...9...10FinalLightFace Done
0 of 0 (0% of) surface lights went in leaf ambient cubes.
0...1...2...3...4...5...6...7...8...9...10Writing leaf ambient...done
Ready to Finish

Object names       Objects/Maxobjs  Memory / Maxmem  Fullness 
------------       ---------------  ---------------  -------- 
models                   1/1024           48/49152    ( 0.1%) 
brushes                 21/8192          252/98304    ( 0.3%) 
brushsides             131/65536        1048/524288   ( 0.2%) 
planes                  94/65536        1880/1310720  ( 0.1%) 
vertexes               162/65536        1944/786432   ( 0.2%) 
nodes                   62/65536        1984/2097152  ( 0.1%) 
texinfos                14/12288        1008/884736   ( 0.1%) 
texdata                  5/2048          160/65536    ( 0.2%) 
dispinfos                0/0               0/0        ( 0.0%) 
disp_verts               0/0               0/0        ( 0.0%) 
disp_tris                0/0               0/0        ( 0.0%) 
disp_lmsamples           0/0               0/0        ( 0.0%) 
faces                   47/65536        2632/3670016  ( 0.1%) 
hdr faces               47/65536        2632/3670016  ( 0.1%) 
origfaces               34/65536        1904/3670016  ( 0.1%) 
leaves                  64/65536        2048/2097152  ( 0.1%) 
leaffaces               49/65536          98/131072   ( 0.1%) 
leafbrushes             29/65536          58/131072   ( 0.0%) 
areas                    2/256            16/2048     ( 0.8%) 
surfedges              353/512000       1412/2048000  ( 0.1%) 
edges                  256/256000       1024/1024000  ( 0.1%) 
LDR worldlights          4/8192          352/720896   ( 0.0%) 
HDR worldlights          4/8192          352/720896   ( 0.0%) 
leafwaterdata            0/32768           0/393216   ( 0.0%) 
waterstrips              0/32768           0/327680   ( 0.0%) 
waterverts               0/65536           0/786432   ( 0.0%) 
waterindices             0/65536           0/131072   ( 0.0%) 
cubemapsamples           0/1024            0/16384    ( 0.0%) 
overlays                 0/512             0/180224   ( 0.0%) 
LDR lightdata         [variable]       48104/0        ( 0.0%) 
HDR lightdata         [variable]       48104/0        ( 0.0%) 
visdata               [variable]           0/16777216 ( 0.0%) 
entdata               [variable]        1353/393216   ( 0.3%) 
LDR ambient table       64/65536         256/262144   ( 0.1%) 
HDR ambient table       64/65536         256/262144   ( 0.1%) 
LDR leaf ambient       409/65536       11452/1835008  ( 0.6%) 
HDR leaf ambient       409/65536       11452/1835008  ( 0.6%) 
occluders                0/0               0/0        ( 0.0%) 
occluder polygons        0/0               0/0        ( 0.0%) 
occluder vert ind        0/0               0/0        ( 0.0%) 
detail props          [variable]           1/12       ( 8.3%) 
static props          [variable]           1/412      ( 0.2%) 
pakfile               [variable]      105723/0        ( 0.0%) 
physics               [variable]        7532/4194304  ( 0.2%) 
physics terrain       [variable]           2/1048576  ( 0.0%) 

Level flags = 0

Total triangle count: 123
Writing c:\users\matthew\onedrive\source dev repos\sourcedev\hl2-mappack\maps\c1m1a_corridor_building.bsp
0 seconds elapsed



materialPath: C:\Program Files (x86)\Steam\steamapps\common\Half-Life 2\ep2\materials
Loading C:\Users\Matthew\OneDrive\Source Dev Repos\sourcedev\HL2-Mappack\maps\c1m1a_corridor_building.vmf
Could not locate 'GameData' key in c:\program files (x86)\steam\steamapps\common\half-life 2\ep2\gameinfo.txt
fixing up env_cubemap materials on brush sides...
0...1...2...3...4...5...6...7...8...9...10**** leaked ****
Entity prop_door_rotating (384.00 -400.00 56.00) leaked!
Processing areas...done (0)
Building Faces...done (0)
Chop Details...done (0)
Find Visible Detail Sides...done (0)
Merging details...done (0)
FixTjuncs...
PruneNodes...
WriteBSP...
done (0)
Creating default LDR cubemaps for env_cubemap using skybox materials:
   skybox/sky_day01_01*.vmt
 ! Run buildcubemaps in the engine to get the correct cube maps.
Creating default HDR cubemaps for env_cubemap using skybox materials:
   skybox/sky_day01_01*.vmt
 ! Run buildcubemaps in the engine to get the correct cube maps.
Finding displacement neighbors...
Finding lightmap sample positions...
Displacement Alpha : 0...1...2...3...4...5...6...7...8...9...10
Building Physics collision data...
done (0) (7532 bytes)
Placing detail props : 0...1...2...3...4...5...6...7...8...9...10
Compacting texture/material tables...
Reduced 33 texinfos to 14
Reduced 6 texdatas to 5 (136 bytes to 114)
Writing C:\Users\Matthew\OneDrive\Source Dev Repos\sourcedev\HL2-Mappack\maps\c1m1a_corridor_building.bsp
0 seconds elapsed



4 threads
reading c:\users\matthew\onedrive\source dev repos\sourcedev\hl2-mappack\maps\c1m1a_corridor_building.bsp
reading c:\users\matthew\onedrive\source dev repos\sourcedev\hl2-mappack\maps\c1m1a_corridor_building.prt
LoadPortals: couldn't read c:\users\matthew\onedrive\source dev repos\sourcedev\hl2-mappack\maps\c1m1a_corridor_building.prt



[Reading texlights from 'lights.rad']
[48 texlights parsed from 'lights.rad']

Loading c:\users\matthew\onedrive\source dev repos\sourcedev\hl2-mappack\maps\c1m1a_corridor_building.bsp
No vis information, direct lighting only.
47 faces
10216 square feet [1471238.00 square inches]
0 Displacements
0 Square Feet [0.00 Square Inches]
4 direct lights
0...1...2...3...4...5...6...7...8...9...10Build Patch/Sample Hash Table(s).....Done<0.0004 sec>
0...1...2...3...4...5...6...7...8...9...10FinalLightFace Done
0 of 0 (0% of) surface lights went in leaf ambient cubes.
0...1...2...3...4...5...6...7...8...9...10Writing leaf ambient...done
Ready to Finish

Object names       Objects/Maxobjs  Memory / Maxmem  Fullness 
------------       ---------------  ---------------  -------- 
models                   1/1024           48/49152    ( 0.1%) 
brushes                 21/8192          252/98304    ( 0.3%) 
brushsides             131/65536        1048/524288   ( 0.2%) 
planes                  94/65536        1880/1310720  ( 0.1%) 
vertexes               162/65536        1944/786432   ( 0.2%) 
nodes                   62/65536        1984/2097152  ( 0.1%) 
texinfos                14/12288        1008/884736   ( 0.1%) 
texdata                  5/2048          160/65536    ( 0.2%) 
dispinfos                0/0               0/0        ( 0.0%) 
disp_verts               0/0               0/0        ( 0.0%) 
disp_tris                0/0               0/0        ( 0.0%) 
disp_lmsamples           0/0               0/0        ( 0.0%) 
faces                   47/65536        2632/3670016  ( 0.1%) 
hdr faces                0/65536           0/3670016  ( 0.0%) 
origfaces               34/65536        1904/3670016  ( 0.1%) 
leaves                  64/65536        2048/2097152  ( 0.1%) 
leaffaces               49/65536          98/131072   ( 0.1%) 
leafbrushes             29/65536          58/131072   ( 0.0%) 
areas                    2/256            16/2048     ( 0.8%) 
surfedges              353/512000       1412/2048000  ( 0.1%) 
edges                  256/256000       1024/1024000  ( 0.1%) 
LDR worldlights          4/8192          352/720896   ( 0.0%) 
HDR worldlights          0/8192            0/720896   ( 0.0%) 
leafwaterdata            0/32768           0/393216   ( 0.0%) 
waterstrips              0/32768           0/327680   ( 0.0%) 
waterverts               0/65536           0/786432   ( 0.0%) 
waterindices             0/65536           0/131072   ( 0.0%) 
cubemapsamples           0/1024            0/16384    ( 0.0%) 
overlays                 0/512             0/180224   ( 0.0%) 
LDR lightdata         [variable]       48104/0        ( 0.0%) 
HDR lightdata         [variable]           0/0        ( 0.0%) 
visdata               [variable]           0/16777216 ( 0.0%) 
entdata               [variable]        1353/393216   ( 0.3%) 
LDR ambient table       64/65536         256/262144   ( 0.1%) 
HDR ambient table       64/65536         256/262144   ( 0.1%) 
LDR leaf ambient       409/65536       11452/1835008  ( 0.6%) 
HDR leaf ambient        64/65536        1792/1835008  ( 0.1%) 
occluders                0/0               0/0        ( 0.0%) 
occluder polygons        0/0               0/0        ( 0.0%) 
occluder vert ind        0/0               0/0        ( 0.0%) 
detail props          [variable]           1/12       ( 8.3%) 
static props          [variable]           1/412      ( 0.2%) 
pakfile               [variable]      105723/0        ( 0.0%) 
physics               [variable]        7532/4194304  ( 0.2%) 
physics terrain       [variable]           2/1048576  ( 0.0%) 

Level flags = 0

Total triangle count: 123
Writing c:\users\matthew\onedrive\source dev repos\sourcedev\hl2-mappack\maps\c1m1a_corridor_building.bsp
0 seconds elapsed



[Reading texlights from 'lights.rad']
[48 texlights parsed from 'lights.rad']

Loading c:\users\matthew\onedrive\source dev repos\sourcedev\hl2-mappack\maps\c1m1a_corridor_building.bsp
No vis information, direct lighting only.
47 faces
10216 square feet [1471238.00 square inches]
0 Displacements
0 Square Feet [0.00 Square Inches]
4 direct lights
0...1...2...3...4...5...6...7...8...9...10Build Patch/Sample Hash Table(s).....Done<0.0004 sec>
0...1...2...3...4...5...6...7...8...9...10FinalLightFace Done
0 of 0 (0% of) surface lights went in leaf ambient cubes.
0...1...2...3...4...5...6...7...8...9...10Writing leaf ambient...done
Ready to Finish

Object names       Objects/Maxobjs  Memory / Maxmem  Fullness 
------------       ---------------  ---------------  -------- 
models                   1/1024           48/49152    ( 0.1%) 
brushes                 21/8192          252/98304    ( 0.3%) 
brushsides             131/65536        1048/524288   ( 0.2%) 
planes                  94/65536        1880/1310720  ( 0.1%) 
vertexes               162/65536        1944/786432   ( 0.2%) 
nodes                   62/65536        1984/2097152  ( 0.1%) 
texinfos                14/12288        1008/884736   ( 0.1%) 
texdata                  5/2048          160/65536    ( 0.2%) 
dispinfos                0/0               0/0        ( 0.0%) 
disp_verts               0/0               0/0        ( 0.0%) 
disp_tris                0/0               0/0        ( 0.0%) 
disp_lmsamples           0/0               0/0        ( 0.0%) 
faces                   47/65536        2632/3670016  ( 0.1%) 
hdr faces               47/65536        2632/3670016  ( 0.1%) 
origfaces               34/65536        1904/3670016  ( 0.1%) 
leaves                  64/65536        2048/2097152  ( 0.1%) 
leaffaces               49/65536          98/131072   ( 0.1%) 
leafbrushes             29/65536          58/131072   ( 0.0%) 
areas                    2/256            16/2048     ( 0.8%) 
surfedges              353/512000       1412/2048000  ( 0.1%) 
edges                  256/256000       1024/1024000  ( 0.1%) 
LDR worldlights          4/8192          352/720896   ( 0.0%) 
HDR worldlights          4/8192          352/720896   ( 0.0%) 
leafwaterdata            0/32768           0/393216   ( 0.0%) 
waterstrips              0/32768           0/327680   ( 0.0%) 
waterverts               0/65536           0/786432   ( 0.0%) 
waterindices             0/65536           0/131072   ( 0.0%) 
cubemapsamples           0/1024            0/16384    ( 0.0%) 
overlays                 0/512             0/180224   ( 0.0%) 
LDR lightdata         [variable]       48104/0        ( 0.0%) 
HDR lightdata         [variable]       48104/0        ( 0.0%) 
visdata               [variable]           0/16777216 ( 0.0%) 
entdata               [variable]        1353/393216   ( 0.3%) 
LDR ambient table       64/65536         256/262144   ( 0.1%) 
HDR ambient table       64/65536         256/262144   ( 0.1%) 
LDR leaf ambient       409/65536       11452/1835008  ( 0.6%) 
HDR leaf ambient       409/65536       11452/1835008  ( 0.6%) 
occluders                0/0               0/0        ( 0.0%) 
occluder polygons        0/0               0/0        ( 0.0%) 
occluder vert ind        0/0               0/0        ( 0.0%) 
detail props          [variable]           1/12       ( 8.3%) 
static props          [variable]           1/412      ( 0.2%) 
pakfile               [variable]      105723/0        ( 0.0%) 
physics               [variable]        7532/4194304  ( 0.2%) 
physics terrain       [variable]           2/1048576  ( 0.0%) 

Level flags = 0

Total triangle count: 123
Writing c:\users\matthew\onedrive\source dev repos\sourcedev\hl2-mappack\maps\c1m1a_corridor_building.bsp
0 seconds elapsed



materialPath: C:\Program Files (x86)\Steam\steamapps\common\Half-Life 2\ep2\materials
Loading C:\Users\Matthew\OneDrive\Source Dev Repos\sourcedev\HL2-Mappack\maps\c1m1a_corridor_building.vmf
Could not locate 'GameData' key in c:\program files (x86)\steam\steamapps\common\half-life 2\ep2\gameinfo.txt
fixing up env_cubemap materials on brush sides...
0...1...2...3...4...5...6...7...8...9...10**** leaked ****
Entity prop_door_rotating (384.00 -400.00 56.00) leaked!
Processing areas...done (0)
Building Faces...done (0)
Chop Details...done (0)
Find Visible Detail Sides...done (0)
Merging details...done (0)
FixTjuncs...
PruneNodes...
WriteBSP...
done (0)
Creating default LDR cubemaps for env_cubemap using skybox materials:
   skybox/sky_day01_01*.vmt
 ! Run buildcubemaps in the engine to get the correct cube maps.
Creating default HDR cubemaps for env_cubemap using skybox materials:
   skybox/sky_day01_01*.vmt
 ! Run buildcubemaps in the engine to get the correct cube maps.
Finding displacement neighbors...
Finding lightmap sample positions...
Displacement Alpha : 0...1...2...3...4...5...6...7...8...9...10
Building Physics collision data...
done (0) (7532 bytes)
Placing detail props : 0...1...2...3...4...5...6...7...8...9...10
Compacting texture/material tables...
Reduced 30 texinfos to 13
Reduced 5 texdatas to 4 (112 bytes to 90)
Writing C:\Users\Matthew\OneDrive\Source Dev Repos\sourcedev\HL2-Mappack\maps\c1m1a_corridor_building.bsp
0 seconds elapsed



4 threads
reading c:\users\matthew\onedrive\source dev repos\sourcedev\hl2-mappack\maps\c1m1a_corridor_building.bsp
reading c:\users\matthew\onedrive\source dev repos\sourcedev\hl2-mappack\maps\c1m1a_corridor_building.prt
LoadPortals: couldn't read c:\users\matthew\onedrive\source dev repos\sourcedev\hl2-mappack\maps\c1m1a_corridor_building.prt



[Reading texlights from 'lights.rad']
[48 texlights parsed from 'lights.rad']

Loading c:\users\matthew\onedrive\source dev repos\sourcedev\hl2-mappack\maps\c1m1a_corridor_building.bsp
No vis information, direct lighting only.
45 faces
8874 square feet [1277946.00 square inches]
0 Displacements
0 Square Feet [0.00 Square Inches]
4 direct lights
0...1...2...3...4...5...6...7...8...9...10Build Patch/Sample Hash Table(s).....Done<0.0003 sec>
0...1...2...3...4...5...6...7...8...9...10FinalLightFace Done
0 of 0 (0% of) surface lights went in leaf ambient cubes.
0...1...2...3...4...5...6...7...8...9...10Writing leaf ambient...done
Ready to Finish

Object names       Objects/Maxobjs  Memory / Maxmem  Fullness 
------------       ---------------  ---------------  -------- 
models                   1/1024           48/49152    ( 0.1%) 
brushes                 21/8192          252/98304    ( 0.3%) 
brushsides             131/65536        1048/524288   ( 0.2%) 
planes                  94/65536        1880/1310720  ( 0.1%) 
vertexes               162/65536        1944/786432   ( 0.2%) 
nodes                   62/65536        1984/2097152  ( 0.1%) 
texinfos                13/12288         936/884736   ( 0.1%) 
texdata                  4/2048          128/65536    ( 0.2%) 
dispinfos                0/0               0/0        ( 0.0%) 
disp_verts               0/0               0/0        ( 0.0%) 
disp_tris                0/0               0/0        ( 0.0%) 
disp_lmsamples           0/0               0/0        ( 0.0%) 
faces                   45/65536        2520/3670016  ( 0.1%) 
hdr faces                0/65536           0/3670016  ( 0.0%) 
origfaces               33/65536        1848/3670016  ( 0.1%) 
leaves                  64/65536        2048/2097152  ( 0.1%) 
leaffaces               47/65536          94/131072   ( 0.1%) 
leafbrushes             29/65536          58/131072   ( 0.0%) 
areas                    2/256            16/2048     ( 0.8%) 
surfedges              336/512000       1344/2048000  ( 0.1%) 
edges                  240/256000        960/1024000  ( 0.1%) 
LDR worldlights          4/8192          352/720896   ( 0.0%) 
HDR worldlights          0/8192            0/720896   ( 0.0%) 
leafwaterdata            0/32768           0/393216   ( 0.0%) 
waterstrips              0/32768           0/327680   ( 0.0%) 
waterverts               0/65536           0/786432   ( 0.0%) 
waterindices             0/65536           0/131072   ( 0.0%) 
cubemapsamples           0/1024            0/16384    ( 0.0%) 
overlays                 0/512             0/180224   ( 0.0%) 
LDR lightdata         [variable]       51368/0        ( 0.0%) 
HDR lightdata         [variable]           0/0        ( 0.0%) 
visdata               [variable]           0/16777216 ( 0.0%) 
entdata               [variable]        1353/393216   ( 0.3%) 
LDR ambient table       64/65536         256/262144   ( 0.1%) 
HDR ambient table       64/65536         256/262144   ( 0.1%) 
LDR leaf ambient       406/65536       11368/1835008  ( 0.6%) 
HDR leaf ambient        64/65536        1792/1835008  ( 0.1%) 
occluders                0/0               0/0        ( 0.0%) 
occluder polygons        0/0               0/0        ( 0.0%) 
occluder vert ind        0/0               0/0        ( 0.0%) 
detail props          [variable]           1/12       ( 8.3%) 
static props          [variable]           1/412      ( 0.2%) 
pakfile               [variable]      105723/0        ( 0.0%) 
physics               [variable]        7532/4194304  ( 0.2%) 
physics terrain       [variable]           2/1048576  ( 0.0%) 

Level flags = 0

Total triangle count: 114
Writing c:\users\matthew\onedrive\source dev repos\sourcedev\hl2-mappack\maps\c1m1a_corridor_building.bsp
0 seconds elapsed



[Reading texlights from 'lights.rad']
[48 texlights parsed from 'lights.rad']

Loading c:\users\matthew\onedrive\source dev repos\sourcedev\hl2-mappack\maps\c1m1a_corridor_building.bsp
No vis information, direct lighting only.
45 faces
8874 square feet [1277946.00 square inches]
0 Displacements
0 Square Feet [0.00 Square Inches]
4 direct lights
0...1...2...3...4...5...6...7...8...9...10Build Patch/Sample Hash Table(s).....Done<0.0005 sec>
0...1...2...3...4...5...6...7...8...9...10FinalLightFace Done
0 of 0 (0% of) surface lights went in leaf ambient cubes.
0...1...2...3...4...5...6...7...8...9...10Writing leaf ambient...done
Ready to Finish

Object names       Objects/Maxobjs  Memory / Maxmem  Fullness 
------------       ---------------  ---------------  -------- 
models                   1/1024           48/49152    ( 0.1%) 
brushes                 21/8192          252/98304    ( 0.3%) 
brushsides             131/65536        1048/524288   ( 0.2%) 
planes                  94/65536        1880/1310720  ( 0.1%) 
vertexes               162/65536        1944/786432   ( 0.2%) 
nodes                   62/65536        1984/2097152  ( 0.1%) 
texinfos                13/12288         936/884736   ( 0.1%) 
texdata                  4/2048          128/65536    ( 0.2%) 
dispinfos                0/0               0/0        ( 0.0%) 
disp_verts               0/0               0/0        ( 0.0%) 
disp_tris                0/0               0/0        ( 0.0%) 
disp_lmsamples           0/0               0/0        ( 0.0%) 
faces                   45/65536        2520/3670016  ( 0.1%) 
hdr faces               45/65536        2520/3670016  ( 0.1%) 
origfaces               33/65536        1848/3670016  ( 0.1%) 
leaves                  64/65536        2048/2097152  ( 0.1%) 
leaffaces               47/65536          94/131072   ( 0.1%) 
leafbrushes             29/65536          58/131072   ( 0.0%) 
areas                    2/256            16/2048     ( 0.8%) 
surfedges              336/512000       1344/2048000  ( 0.1%) 
edges                  240/256000        960/1024000  ( 0.1%) 
LDR worldlights          4/8192          352/720896   ( 0.0%) 
HDR worldlights          4/8192          352/720896   ( 0.0%) 
leafwaterdata            0/32768           0/393216   ( 0.0%) 
waterstrips              0/32768           0/327680   ( 0.0%) 
waterverts               0/65536           0/786432   ( 0.0%) 
waterindices             0/65536           0/131072   ( 0.0%) 
cubemapsamples           0/1024            0/16384    ( 0.0%) 
overlays                 0/512             0/180224   ( 0.0%) 
LDR lightdata         [variable]       51368/0        ( 0.0%) 
HDR lightdata         [variable]       51368/0        ( 0.0%) 
visdata               [variable]           0/16777216 ( 0.0%) 
entdata               [variable]        1353/393216   ( 0.3%) 
LDR ambient table       64/65536         256/262144   ( 0.1%) 
HDR ambient table       64/65536         256/262144   ( 0.1%) 
LDR leaf ambient       406/65536       11368/1835008  ( 0.6%) 
HDR leaf ambient       406/65536       11368/1835008  ( 0.6%) 
occluders                0/0               0/0        ( 0.0%) 
occluder polygons        0/0               0/0        ( 0.0%) 
occluder vert ind        0/0               0/0        ( 0.0%) 
detail props          [variable]           1/12       ( 8.3%) 
static props          [variable]           1/412      ( 0.2%) 
pakfile               [variable]      105723/0        ( 0.0%) 
physics               [variable]        7532/4194304  ( 0.2%) 
physics terrain       [variable]           2/1048576  ( 0.0%) 

Level flags = 0

Total triangle count: 114
Writing c:\users\matthew\onedrive\source dev repos\sourcedev\hl2-mappack\maps\c1m1a_corridor_building.bsp
0 seconds elapsed



materialPath: C:\Program Files (x86)\Steam\steamapps\common\Half-Life 2\ep2\materials
Loading C:\Users\Matthew\OneDrive\Source Dev Repos\sourcedev\HL2-Mappack\maps\c1m1a_corridor_building.vmf
Could not locate 'GameData' key in c:\program files (x86)\steam\steamapps\common\half-life 2\ep2\gameinfo.txt
fixing up env_cubemap materials on brush sides...
0...1...2...3...4...5...6...7...8...9...10**** leaked ****
Entity prop_door_rotating (384.00 -400.00 56.00) leaked!
Processing areas...done (0)
Building Faces...done (0)
Chop Details...done (0)
Find Visible Detail Sides...done (0)
Merging details...done (0)
FixTjuncs...
PruneNodes...
WriteBSP...
done (0)
Creating default LDR cubemaps for env_cubemap using skybox materials:
   skybox/sky_day01_01*.vmt
 ! Run buildcubemaps in the engine to get the correct cube maps.
Creating default HDR cubemaps for env_cubemap using skybox materials:
   skybox/sky_day01_01*.vmt
 ! Run buildcubemaps in the engine to get the correct cube maps.
Finding displacement neighbors...
Finding lightmap sample positions...
Displacement Alpha : 0...1...2...3...4...5...6...7...8...9...10
Building Physics collision data...
done (0) (7532 bytes)
Placing detail props : 0...1...2...3...4...5...6...7...8...9...10
Compacting texture/material tables...
Reduced 30 texinfos to 13
Reduced 5 texdatas to 4 (112 bytes to 90)
Writing C:\Users\Matthew\OneDrive\Source Dev Repos\sourcedev\HL2-Mappack\maps\c1m1a_corridor_building.bsp
0 seconds elapsed



4 threads
reading c:\users\matthew\onedrive\source dev repos\sourcedev\hl2-mappack\maps\c1m1a_corridor_building.bsp
reading c:\users\matthew\onedrive\source dev repos\sourcedev\hl2-mappack\maps\c1m1a_corridor_building.prt
LoadPortals: couldn't read c:\users\matthew\onedrive\source dev repos\sourcedev\hl2-mappack\maps\c1m1a_corridor_building.prt



[Reading texlights from 'lights.rad']
[48 texlights parsed from 'lights.rad']

Loading c:\users\matthew\onedrive\source dev repos\sourcedev\hl2-mappack\maps\c1m1a_corridor_building.bsp
No vis information, direct lighting only.
43 faces
7509 square feet [1081338.00 square inches]
0 Displacements
0 Square Feet [0.00 Square Inches]
4 direct lights
0...1...2...3...4...5...6...7...8...9...10Build Patch/Sample Hash Table(s).....Done<0.0003 sec>
0...1...2...3...4...5...6...7...8...9...10FinalLightFace Done
0 of 0 (0% of) surface lights went in leaf ambient cubes.
0...1...2...3...4...5...6...7...8...9...10Writing leaf ambient...done
Ready to Finish

Object names       Objects/Maxobjs  Memory / Maxmem  Fullness 
------------       ---------------  ---------------  -------- 
models                   1/1024           48/49152    ( 0.1%) 
brushes                 21/8192          252/98304    ( 0.3%) 
brushsides             131/65536        1048/524288   ( 0.2%) 
planes                  94/65536        1880/1310720  ( 0.1%) 
vertexes               162/65536        1944/786432   ( 0.2%) 
nodes                   62/65536        1984/2097152  ( 0.1%) 
texinfos                13/12288         936/884736   ( 0.1%) 
texdata                  4/2048          128/65536    ( 0.2%) 
dispinfos                0/0               0/0        ( 0.0%) 
disp_verts               0/0               0/0        ( 0.0%) 
disp_tris                0/0               0/0        ( 0.0%) 
disp_lmsamples           0/0               0/0        ( 0.0%) 
faces                   43/65536        2408/3670016  ( 0.1%) 
hdr faces                0/65536           0/3670016  ( 0.0%) 
origfaces               32/65536        1792/3670016  ( 0.0%) 
leaves                  64/65536        2048/2097152  ( 0.1%) 
leaffaces               45/65536          90/131072   ( 0.1%) 
leafbrushes             29/65536          58/131072   ( 0.0%) 
areas                    2/256            16/2048     ( 0.8%) 
surfedges              324/512000       1296/2048000  ( 0.1%) 
edges                  229/256000        916/1024000  ( 0.1%) 
LDR worldlights          4/8192          352/720896   ( 0.0%) 
HDR worldlights          0/8192            0/720896   ( 0.0%) 
leafwaterdata            0/32768           0/393216   ( 0.0%) 
waterstrips              0/32768           0/327680   ( 0.0%) 
waterverts               0/65536           0/786432   ( 0.0%) 
waterindices             0/65536           0/131072   ( 0.0%) 
cubemapsamples           0/1024            0/16384    ( 0.0%) 
overlays                 0/512             0/180224   ( 0.0%) 
LDR lightdata         [variable]       37760/0        ( 0.0%) 
HDR lightdata         [variable]           0/0        ( 0.0%) 
visdata               [variable]           0/16777216 ( 0.0%) 
entdata               [variable]        1353/393216   ( 0.3%) 
LDR ambient table       64/65536         256/262144   ( 0.1%) 
HDR ambient table       64/65536         256/262144   ( 0.1%) 
LDR leaf ambient       435/65536       12180/1835008  ( 0.7%) 
HDR leaf ambient        64/65536        1792/1835008  ( 0.1%) 
occluders                0/0               0/0        ( 0.0%) 
occluder polygons        0/0               0/0        ( 0.0%) 
occluder vert ind        0/0               0/0        ( 0.0%) 
detail props          [variable]           1/12       ( 8.3%) 
static props          [variable]           1/412      ( 0.2%) 
pakfile               [variable]      105723/0        ( 0.0%) 
physics               [variable]        7532/4194304  ( 0.2%) 
physics terrain       [variable]           2/1048576  ( 0.0%) 

Level flags = 0

Total triangle count: 110
Writing c:\users\matthew\onedrive\source dev repos\sourcedev\hl2-mappack\maps\c1m1a_corridor_building.bsp
0 seconds elapsed



[Reading texlights from 'lights.rad']
[48 texlights parsed from 'lights.rad']

Loading c:\users\matthew\onedrive\source dev repos\sourcedev\hl2-mappack\maps\c1m1a_corridor_building.bsp
No vis information, direct lighting only.
43 faces
7509 square feet [1081338.00 square inches]
0 Displacements
0 Square Feet [0.00 Square Inches]
4 direct lights
0...1...2...3...4...5...6...7...8...9...10Build Patch/Sample Hash Table(s).....Done<0.0002 sec>
0...1...2...3...4...5...6...7...8...9...10FinalLightFace Done
0 of 0 (0% of) surface lights went in leaf ambient cubes.
0...1...2...3...4...5...6...7...8...9...10Writing leaf ambient...done
Ready to Finish

Object names       Objects/Maxobjs  Memory / Maxmem  Fullness 
------------       ---------------  ---------------  -------- 
models                   1/1024           48/49152    ( 0.1%) 
brushes                 21/8192          252/98304    ( 0.3%) 
brushsides             131/65536        1048/524288   ( 0.2%) 
planes                  94/65536        1880/1310720  ( 0.1%) 
vertexes               162/65536        1944/786432   ( 0.2%) 
nodes                   62/65536        1984/2097152  ( 0.1%) 
texinfos                13/12288         936/884736   ( 0.1%) 
texdata                  4/2048          128/65536    ( 0.2%) 
dispinfos                0/0               0/0        ( 0.0%) 
disp_verts               0/0               0/0        ( 0.0%) 
disp_tris                0/0               0/0        ( 0.0%) 
disp_lmsamples           0/0               0/0        ( 0.0%) 
faces                   43/65536        2408/3670016  ( 0.1%) 
hdr faces               43/65536        2408/3670016  ( 0.1%) 
origfaces               32/65536        1792/3670016  ( 0.0%) 
leaves                  64/65536        2048/2097152  ( 0.1%) 
leaffaces               45/65536          90/131072   ( 0.1%) 
leafbrushes             29/65536          58/131072   ( 0.0%) 
areas                    2/256            16/2048     ( 0.8%) 
surfedges              324/512000       1296/2048000  ( 0.1%) 
edges                  229/256000        916/1024000  ( 0.1%) 
LDR worldlights          4/8192          352/720896   ( 0.0%) 
HDR worldlights          4/8192          352/720896   ( 0.0%) 
leafwaterdata            0/32768           0/393216   ( 0.0%) 
waterstrips              0/32768           0/327680   ( 0.0%) 
waterverts               0/65536           0/786432   ( 0.0%) 
waterindices             0/65536           0/131072   ( 0.0%) 
cubemapsamples           0/1024            0/16384    ( 0.0%) 
overlays                 0/512             0/180224   ( 0.0%) 
LDR lightdata         [variable]       37760/0        ( 0.0%) 
HDR lightdata         [variable]       37760/0        ( 0.0%) 
visdata               [variable]           0/16777216 ( 0.0%) 
entdata               [variable]        1353/393216   ( 0.3%) 
LDR ambient table       64/65536         256/262144   ( 0.1%) 
HDR ambient table       64/65536         256/262144   ( 0.1%) 
LDR leaf ambient       435/65536       12180/1835008  ( 0.7%) 
HDR leaf ambient       435/65536       12180/1835008  ( 0.7%) 
occluders                0/0               0/0        ( 0.0%) 
occluder polygons        0/0               0/0        ( 0.0%) 
occluder vert ind        0/0               0/0        ( 0.0%) 
detail props          [variable]           1/12       ( 8.3%) 
static props          [variable]           1/412      ( 0.2%) 
pakfile               [variable]      105723/0        ( 0.0%) 
physics               [variable]        7532/4194304  ( 0.2%) 
physics terrain       [variable]           2/1048576  ( 0.0%) 

Level flags = 0

Total triangle count: 110
Writing c:\users\matthew\onedrive\source dev repos\sourcedev\hl2-mappack\maps\c1m1a_corridor_building.bsp
0 seconds elapsed
