PRT1
38
111
4 0 13 (0 1024 16 ) (0 1024 -1029.070068 ) (64 1024 -1029.070068 ) (64 1024 16 ) 
4 0 12 (64 1024 -1029.070068 ) (805.685974 1024 -1029.070068 ) (805.685974 1024 16 ) (64 1024 16 ) 
4 0 9 (0 1024 144 ) (0 1024 16 ) (48 1024 16 ) (48 1024 144 ) 
4 0 7 (48 1024 16 ) (64 1024 16 ) (64 1024 144 ) (48 1024 144 ) 
4 0 6 (64 1024 16 ) (805.685974 1024 16 ) (805.685974 1024 144 ) (64 1024 144 ) 
4 0 3 (64 1024 845.073975 ) (0 1024 845.073975 ) (0 1024 144 ) (64 1024 144 ) 
4 0 2 (805.685974 1024 845.073975 ) (64 1024 845.073975 ) (64 1024 144 ) (805.685974 1024 144 ) 
4 0 1 (0 1024 -1029.070068 ) (0 1024 845.073975 ) (0 1142 845.073975 ) (0 1142 -1029.070068 ) 
4 1 33 (0 1024 -1029.070068 ) (0 1024 16 ) (-512 1024 16 ) (-512 1024 -1029.070068 ) 
4 1 36 (-512 1024 16 ) (-965.685974 1024 16 ) (-965.685974 1024 -1029.070068 ) (-512 1024 -1029.070068 ) 
4 1 32 (-512 1024 144 ) (-965.685974 1024 144 ) (-965.685974 1024 16 ) (-512 1024 16 ) 
4 1 29 (-496 1024 144 ) (-512 1024 144 ) (-512 1024 16 ) (-496 1024 16 ) 
4 1 26 (0 1024 16 ) (0 1024 144 ) (-496 1024 144 ) (-496 1024 16 ) 
4 1 23 (-448 1024 160 ) (-512 1024 160 ) (-512 1024 144 ) (-448 1024 144 ) 
4 1 25 (-512 1024 160 ) (-965.685974 1024 160 ) (-965.685974 1024 144 ) (-512 1024 144 ) 
4 1 20 (-352 1024 160 ) (-448 1024 160 ) (-448 1024 144 ) (-352 1024 144 ) 
4 1 18 (0 1024 144 ) (0 1024 160 ) (-352 1024 160 ) (-352 1024 144 ) 
4 1 17 (0 1024 160 ) (0 1024 845.073975 ) (-965.685974 1024 845.073975 ) (-965.685974 1024 160 ) 
4 2 16 (805.685974 0 845.073975 ) (64 0 845.073975 ) (64 0 144 ) (805.685974 0 144 ) 
4 2 6 (805.685974 0 144 ) (64 0 144 ) (64 1024 144 ) (805.685974 1024 144 ) 
4 2 4 (64 128 160 ) (64 128 845.073975 ) (64 256 845.073975 ) (64 256 160 ) 
4 2 3 (64 1024 144 ) (64 256 144 ) (64 256 845.073975 ) (64 1024 845.073975 ) 
4 2 5 (64 128 144 ) (64 0 144 ) (64 0 845.073975 ) (64 128 845.073975 ) 
4 3 18 (0 1024 160 ) (0 1024 144 ) (0 256 144 ) (0 256 160 ) 
4 3 17 (0 1024 845.073975 ) (0 1024 160 ) (0 256 160 ) (0 256 845.073975 ) 
4 3 9 (0 256 144 ) (0 1024 144 ) (48 1024 144 ) (48 256 144 ) 
4 3 7 (48 1024 144 ) (64 1024 144 ) (64 256 144 ) (48 256 144 ) 
4 3 4 (64 256 160 ) (64 256 845.073975 ) (0 256 845.073975 ) (0 256 160 ) 
4 4 17 (0 128 160 ) (0 128 845.073975 ) (0 256 845.073975 ) (0 256 160 ) 
4 4 5 (64 128 160 ) (64 128 845.073975 ) (0 128 845.073975 ) (0 128 160 ) 
4 5 19 (0 128 144 ) (0 0 144 ) (0 0 160 ) (0 128 160 ) 
4 5 17 (0 0 160 ) (0 0 845.073975 ) (0 128 845.073975 ) (0 128 160 ) 
4 5 16 (64 0 845.073975 ) (0 0 845.073975 ) (0 0 144 ) (64 0 144 ) 
4 5 11 (48 0 144 ) (0 0 144 ) (0 128 144 ) (48 128 144 ) 
4 5 8 (64 0 144 ) (48 0 144 ) (48 128 144 ) (64 128 144 ) 
4 6 16 (805.685974 0 144 ) (64 0 144 ) (64 0 16 ) (805.685974 0 16 ) 
4 6 12 (64 1024 16 ) (805.685974 1024 16 ) (805.685974 0 16 ) (64 0 16 ) 
4 6 7 (64 1024 16 ) (64 256 16 ) (64 256 144 ) (64 1024 144 ) 
4 6 8 (64 128 16 ) (64 0 16 ) (64 0 144 ) (64 128 144 ) 
4 7 13 (48 1024 16 ) (64 1024 16 ) (64 256 16 ) (48 256 16 ) 
4 7 9 (48 1024 16 ) (48 256 16 ) (48 256 144 ) (48 1024 144 ) 
4 8 16 (64 0 144 ) (48 0 144 ) (48 0 16 ) (64 0 16 ) 
4 8 15 (64 128 16 ) (64 0 16 ) (48 0 16 ) (48 128 16 ) 
4 8 11 (48 128 16 ) (48 0 16 ) (48 0 144 ) (48 128 144 ) 
4 9 26 (0 1024 144 ) (0 1024 16 ) (0 256 16 ) (0 256 144 ) 
4 9 13 (0 256 16 ) (0 1024 16 ) (48 1024 16 ) (48 256 16 ) 
4 10 27 (0 240 16 ) (0 144 16 ) (0 144 144 ) (0 240 144 ) 
4 11 28 (0 128 16 ) (0 0 16 ) (0 0 144 ) (0 128 144 ) 
4 11 16 (48 0 144 ) (0 0 144 ) (0 0 16 ) (48 0 16 ) 
4 11 15 (0 0 16 ) (0 128 16 ) (48 128 16 ) (48 0 16 ) 
4 12 16 (805.685974 0 16 ) (64 0 16 ) (64 0 -1029.070068 ) (805.685974 0 -1029.070068 ) 
4 12 14 (64 256 -1029.070068 ) (64 128 -1029.070068 ) (64 128 0 ) (64 256 0 ) 
4 12 13 (64 1024 -1029.070068 ) (64 256 -1029.070068 ) (64 256 16 ) (64 1024 16 ) 
4 12 15 (64 128 -1029.070068 ) (64 0 -1029.070068 ) (64 0 16 ) (64 128 16 ) 
4 13 33 (0 1024 16 ) (0 1024 -1029.070068 ) (0 256 -1029.070068 ) (0 256 16 ) 
4 13 14 (0 256 -1029.070068 ) (64 256 -1029.070068 ) (64 256 0 ) (0 256 0 ) 
4 14 34 (0 256 -1029.070068 ) (0 128 -1029.070068 ) (0 128 0 ) (0 256 0 ) 
4 14 15 (0 128 -1029.070068 ) (64 128 -1029.070068 ) (64 128 0 ) (0 128 0 ) 
4 15 35 (0 128 -1029.070068 ) (0 0 -1029.070068 ) (0 0 16 ) (0 128 16 ) 
4 15 16 (64 0 16 ) (0 0 16 ) (0 0 -1029.070068 ) (64 0 -1029.070068 ) 
4 16 37 (0 -518 845.073975 ) (0 0 845.073975 ) (0 0 -1029.070068 ) (0 -518 -1029.070068 ) 
4 17 37 (0 0 160 ) (0 0 845.073975 ) (-965.685974 0 845.073975 ) (-965.685974 0 160 ) 
4 17 23 (-512 1024 160 ) (-448 1024 160 ) (-448 256 160 ) (-512 256 160 ) 
4 17 24 (-448 128 160 ) (-448 0 160 ) (-512 0 160 ) (-512 128 160 ) 
4 17 25 (-965.685974 1024 160 ) (-512 1024 160 ) (-512 0 160 ) (-965.685974 0 160 ) 
4 17 22 (-352 128 160 ) (-352 0 160 ) (-448 0 160 ) (-448 128 160 ) 
4 17 20 (-448 1024 160 ) (-352 1024 160 ) (-352 256 160 ) (-448 256 160 ) 
4 17 21 (-352 240 160 ) (-352 144 160 ) (-448 144 160 ) (-448 240 160 ) 
4 17 18 (-352 1024 160 ) (0 1024 160 ) (0 256 160 ) (-352 256 160 ) 
4 17 19 (0 128 160 ) (0 0 160 ) (-352 0 160 ) (-352 128 160 ) 
4 18 26 (-352 256 144 ) (-352 1024 144 ) (0 1024 144 ) (0 256 144 ) 
4 18 20 (-352 1024 144 ) (-352 256 144 ) (-352 256 160 ) (-352 1024 160 ) 
4 19 37 (0 0 144 ) (0 0 160 ) (-352 0 160 ) (-352 0 144 ) 
4 19 28 (0 0 144 ) (-352 0 144 ) (-352 128 144 ) (0 128 144 ) 
4 19 22 (-352 128 144 ) (-352 0 144 ) (-352 0 160 ) (-352 128 160 ) 
4 20 26 (-448 256 144 ) (-448 1024 144 ) (-352 1024 144 ) (-352 256 144 ) 
4 20 23 (-448 1024 144 ) (-448 256 144 ) (-448 256 160 ) (-448 1024 160 ) 
4 21 27 (-448 144 144 ) (-448 240 144 ) (-352 240 144 ) (-352 144 144 ) 
4 22 37 (-352 0 160 ) (-448 0 160 ) (-448 0 144 ) (-352 0 144 ) 
4 22 28 (-352 0 144 ) (-448 0 144 ) (-448 128 144 ) (-352 128 144 ) 
4 22 24 (-448 128 144 ) (-448 0 144 ) (-448 0 160 ) (-448 128 160 ) 
4 23 29 (-512 256 144 ) (-512 1024 144 ) (-496 1024 144 ) (-496 256 144 ) 
4 23 26 (-496 1024 144 ) (-448 1024 144 ) (-448 256 144 ) (-496 256 144 ) 
4 23 25 (-512 1024 144 ) (-512 256 144 ) (-512 256 160 ) (-512 1024 160 ) 
4 24 37 (-448 0 160 ) (-512 0 160 ) (-512 0 144 ) (-448 0 144 ) 
4 24 31 (-496 0 144 ) (-512 0 144 ) (-512 128 144 ) (-496 128 144 ) 
4 24 28 (-448 0 144 ) (-496 0 144 ) (-496 128 144 ) (-448 128 144 ) 
4 24 25 (-512 128 144 ) (-512 0 144 ) (-512 0 160 ) (-512 128 160 ) 
4 25 37 (-512 0 160 ) (-965.685974 0 160 ) (-965.685974 0 144 ) (-512 0 144 ) 
4 25 32 (-512 0 144 ) (-965.685974 0 144 ) (-965.685974 1024 144 ) (-512 1024 144 ) 
4 26 33 (-496 1024 16 ) (0 1024 16 ) (0 256 16 ) (-496 256 16 ) 
4 26 29 (-496 1024 16 ) (-496 256 16 ) (-496 256 144 ) (-496 1024 144 ) 
4 27 30 (-496 240 16 ) (-496 196 16 ) (-496 196 112 ) (-496 240 112 ) 
4 28 37 (0 0 16 ) (0 0 144 ) (-496 0 144 ) (-496 0 16 ) 
4 28 35 (0 128 16 ) (0 0 16 ) (-496 0 16 ) (-496 128 16 ) 
4 28 31 (-496 128 16 ) (-496 0 16 ) (-496 0 144 ) (-496 128 144 ) 
4 29 33 (-512 1024 16 ) (-496 1024 16 ) (-496 256 16 ) (-512 256 16 ) 
4 29 32 (-512 1024 16 ) (-512 256 16 ) (-512 256 144 ) (-512 1024 144 ) 
4 30 32 (-512 240 16 ) (-512 196 16 ) (-512 196 112 ) (-512 240 112 ) 
4 31 37 (-496 0 144 ) (-512 0 144 ) (-512 0 16 ) (-496 0 16 ) 
4 31 35 (-496 128 16 ) (-496 0 16 ) (-512 0 16 ) (-512 128 16 ) 
4 31 32 (-512 128 16 ) (-512 0 16 ) (-512 0 144 ) (-512 128 144 ) 
4 32 37 (-512 0 144 ) (-965.685974 0 144 ) (-965.685974 0 16 ) (-512 0 16 ) 
4 32 36 (-965.685974 1024 16 ) (-512 1024 16 ) (-512 0 16 ) (-965.685974 0 16 ) 
4 33 34 (-512 256 0 ) (-512 256 -1029.070068 ) (0 256 -1029.070068 ) (0 256 0 ) 
4 33 36 (-512 1024 -1029.070068 ) (-512 256 -1029.070068 ) (-512 256 16 ) (-512 1024 16 ) 
4 34 36 (-512 256 -1029.070068 ) (-512 128 -1029.070068 ) (-512 128 0 ) (-512 256 0 ) 
4 34 35 (-512 128 0 ) (-512 128 -1029.070068 ) (0 128 -1029.070068 ) (0 128 0 ) 
4 35 37 (0 0 -1029.070068 ) (0 0 16 ) (-512 0 16 ) (-512 0 -1029.070068 ) 
4 35 36 (-512 128 -1029.070068 ) (-512 0 -1029.070068 ) (-512 0 16 ) (-512 128 16 ) 
4 36 37 (-512 0 16 ) (-965.685974 0 16 ) (-965.685974 0 -1029.070068 ) (-512 0 -1029.070068 ) 
