PRT1
105
284
4 0 2 (2048 2048 -1664 ) (2048 2048 1464 ) (2048 2564 1464 ) (2048 2564 -1664 ) 
4 0 1 (2048 2048 1464 ) (2048 2048 -1664 ) (2364 2048 -1664 ) (2364 2048 1464 ) 
4 1 6 (2364 1024 1464 ) (2048 1024 1464 ) (2048 1024 -1664 ) (2364 1024 -1664 ) 
4 1 4 (2048 1024 -1664 ) (2048 1024 1464 ) (2048 2048 1464 ) (2048 2048 -1664 ) 
4 2 4 (2048 2048 -1664 ) (2048 2048 1464 ) (1024 2048 1464 ) (1024 2048 -1664 ) 
4 2 3 (1024 2564 -1664 ) (1024 2048 -1664 ) (1024 2048 1464 ) (1024 2564 1464 ) 
4 3 56 (0 2048 -1664 ) (0 2048 1464 ) (0 2564 1464 ) (0 2564 -1664 ) 
4 3 5 (0 2048 1464 ) (0 2048 -1664 ) (1024 2048 -1664 ) (1024 2048 1464 ) 
4 4 8 (2048 1024 -1664 ) (2048 1024 1464 ) (1024 1024 1464 ) (1024 1024 -1664 ) 
4 4 5 (1024 2048 1464 ) (1024 2048 -1664 ) (1024 1024 -1664 ) (1024 1024 1464 ) 
4 5 58 (0 1024 -1664 ) (0 1024 1464 ) (0 2048 1464 ) (0 2048 -1664 ) 
4 5 17 (1024 1024 -1664 ) (1024 1024 -288 ) (0 1024 -288 ) (0 1024 -1664 ) 
4 5 16 (192 1024 -256 ) (0 1024 -256 ) (0 1024 -288 ) (192 1024 -288 ) 
4 5 15 (1024 1024 -288 ) (1024 1024 -256 ) (192 1024 -256 ) (192 1024 -288 ) 
4 5 13 (192 1024 -128 ) (160 1024 -128 ) (160 1024 -256 ) (192 1024 -256 ) 
4 5 12 (1024 1024 -256 ) (1024 1024 -128 ) (192 1024 -128 ) (192 1024 -256 ) 
4 5 14 (160 1024 -128 ) (0 1024 -128 ) (0 1024 -256 ) (160 1024 -256 ) 
4 5 10 (192 1024 1464 ) (0 1024 1464 ) (0 1024 -128 ) (192 1024 -128 ) 
4 5 9 (1024 1024 -128 ) (1024 1024 1464 ) (192 1024 1464 ) (192 1024 -128 ) 
4 6 8 (2048 0 -1664 ) (2048 0 1464 ) (2048 1024 1464 ) (2048 1024 -1664 ) 
4 6 7 (2364 0 1464 ) (2048 0 1464 ) (2048 0 -1664 ) (2364 0 -1664 ) 
4 7 53 (2364 -1024 1464 ) (2048 -1024 1464 ) (2048 -1024 -1664 ) (2364 -1024 -1664 ) 
4 7 29 (2048 -1024 -1664 ) (2048 -1024 1464 ) (2048 0 1464 ) (2048 0 -1664 ) 
4 8 29 (2048 0 -1664 ) (2048 0 1464 ) (1024 0 1464 ) (1024 0 -1664 ) 
4 8 27 (1024 0 -1664 ) (1024 0 -960 ) (1024 256 -960 ) (1024 256 -1664 ) 
4 8 20 (1024 0 -960 ) (1024 0 336 ) (1024 256 336 ) (1024 256 -960 ) 
4 8 19 (1024 0 336 ) (1024 0 352 ) (1024 256 352 ) (1024 256 336 ) 
4 8 18 (1024 0 352 ) (1024 0 1464 ) (1024 256 1464 ) (1024 256 352 ) 
4 8 17 (1024 1024 -288 ) (1024 1024 -1664 ) (1024 256 -1664 ) (1024 256 -288 ) 
4 8 15 (1024 1024 -256 ) (1024 1024 -288 ) (1024 256 -288 ) (1024 256 -256 ) 
4 8 12 (1024 1024 -128 ) (1024 1024 -256 ) (1024 256 -256 ) (1024 256 -128 ) 
4 8 9 (1024 256 1464 ) (1024 1024 1464 ) (1024 1024 -128 ) (1024 256 -128 ) 
4 9 20 (480 256 -128 ) (1024 256 -128 ) (1024 256 336 ) (480 256 336 ) 
4 9 19 (1024 256 336 ) (1024 256 352 ) (480 256 352 ) (480 256 336 ) 
4 9 18 (1024 256 352 ) (1024 256 1464 ) (192 256 1464 ) (192 256 352 ) 
4 9 12 (1024 256 -128 ) (192 256 -128 ) (192 1024 -128 ) (1024 1024 -128 ) 
4 9 11 (192 256 -96 ) (192 256 1464 ) (192 816 1464 ) (192 816 -96 ) 
4 9 10 (192 1024 -128 ) (192 816 -128 ) (192 816 1464 ) (192 1024 1464 ) 
4 10 60 (0 816 1464 ) (0 1024 1464 ) (0 1024 -128 ) (0 816 -128 ) 
4 10 13 (160 1024 -128 ) (192 1024 -128 ) (192 816 -128 ) (160 816 -128 ) 
4 10 14 (0 816 -128 ) (0 1024 -128 ) (160 1024 -128 ) (160 816 -128 ) 
4 10 11 (192 816 -96 ) (192 816 1464 ) (0 816 1464 ) (0 816 -96 ) 
4 11 61 (0 256 -96 ) (0 256 1464 ) (0 816 1464 ) (0 816 -96 ) 
4 11 18 (0 256 1464 ) (0 256 352 ) (192 256 352 ) (192 256 1464 ) 
4 12 20 (480 256 -256 ) (1024 256 -256 ) (1024 256 -128 ) (480 256 -128 ) 
4 12 15 (1024 256 -256 ) (192 256 -256 ) (192 1024 -256 ) (1024 1024 -256 ) 
4 12 13 (192 1024 -256 ) (192 816 -256 ) (192 816 -128 ) (192 1024 -128 ) 
4 13 16 (160 816 -256 ) (160 1024 -256 ) (192 1024 -256 ) (192 816 -256 ) 
4 13 14 (160 1024 -256 ) (160 816 -256 ) (160 816 -128 ) (160 1024 -128 ) 
4 14 63 (0 256 -256 ) (0 256 -128 ) (0 1024 -128 ) (0 1024 -256 ) 
4 14 23 (0 256 -128 ) (0 256 -256 ) (160 256 -256 ) (160 256 -128 ) 
4 14 16 (0 816 -256 ) (0 1024 -256 ) (160 1024 -256 ) (160 816 -256 ) 
4 15 20 (480 256 -288 ) (1024 256 -288 ) (1024 256 -256 ) (480 256 -256 ) 
4 15 17 (1024 256 -288 ) (192 256 -288 ) (192 1024 -288 ) (1024 1024 -288 ) 
4 15 16 (192 1024 -288 ) (192 816 -288 ) (192 816 -256 ) (192 1024 -256 ) 
4 16 66 (0 816 -256 ) (0 1024 -256 ) (0 1024 -288 ) (0 816 -288 ) 
4 16 17 (0 816 -288 ) (0 1024 -288 ) (192 1024 -288 ) (192 816 -288 ) 
4 17 68 (0 256 -1664 ) (0 256 -288 ) (0 1024 -288 ) (0 1024 -1664 ) 
4 17 28 (0 256 -992 ) (0 256 -1664 ) (480 256 -1664 ) (480 256 -992 ) 
4 17 27 (480 256 -1664 ) (1024 256 -1664 ) (1024 256 -960 ) (480 256 -960 ) 
4 17 20 (480 256 -960 ) (1024 256 -960 ) (1024 256 -288 ) (480 256 -288 ) 
4 18 69 (0 0 352 ) (0 0 1464 ) (0 256 1464 ) (0 256 352 ) 
4 18 44 (0 0 1464 ) (0 0 352 ) (480 0 352 ) (480 0 1464 ) 
4 18 30 (480 0 352 ) (1024 0 352 ) (1024 0 1464 ) (480 0 1464 ) 
4 18 19 (480 256 352 ) (1024 256 352 ) (1024 0 352 ) (480 0 352 ) 
4 19 30 (480 0 336 ) (1024 0 336 ) (1024 0 352 ) (480 0 352 ) 
4 19 20 (1024 0 336 ) (480 0 336 ) (480 256 336 ) (1024 256 336 ) 
4 20 41 (480 0 -960 ) (768 0 -960 ) (768 0 34 ) (480 0 34 ) 
4 20 40 (768 0 -960 ) (1024 0 -960 ) (1024 0 34 ) (768 0 34 ) 
4 20 37 (766 0 286 ) (480 0 286 ) (480 0 34 ) (766 0 34 ) 
4 20 35 (768 0 286 ) (766 0 286 ) (766 0 34 ) (768 0 34 ) 
4 20 34 (1024 0 34 ) (1024 0 286 ) (768 0 286 ) (768 0 34 ) 
4 20 32 (768 0 288 ) (480 0 288 ) (480 0 286 ) (768 0 286 ) 
4 20 31 (1024 0 286 ) (1024 0 288 ) (768 0 288 ) (768 0 286 ) 
4 20 30 (1024 0 288 ) (1024 0 336 ) (480 0 336 ) (480 0 288 ) 
4 20 27 (480 256 -960 ) (1024 256 -960 ) (1024 0 -960 ) (480 0 -960 ) 
4 21 47 (464 0 32 ) (464 0 336 ) (448 0 336 ) (448 0 32 ) 
4 21 24 (448 0 32 ) (448 0 336 ) (448 224 336 ) (448 224 32 ) 
4 21 22 (448 224 336 ) (448 240 336 ) (448 240 32 ) (448 224 32 ) 
4 22 71 (0 224 336 ) (0 240 336 ) (0 240 32 ) (0 224 32 ) 
4 22 24 (448 224 32 ) (448 224 336 ) (0 224 336 ) (0 224 32 ) 
4 23 72 (0 256 -128 ) (0 256 -256 ) (0 224 -256 ) (0 224 -128 ) 
4 23 26 (160 224 -128 ) (0 224 -128 ) (0 224 -256 ) (160 224 -256 ) 
4 24 73 (0 0 16 ) (0 0 336 ) (0 224 336 ) (0 224 16 ) 
4 24 48 (0 0 32 ) (0 0 16 ) (448 0 16 ) (448 0 32 ) 
4 24 47 (0 0 336 ) (0 0 32 ) (448 0 32 ) (448 0 336 ) 
4 24 25 (0 224 16 ) (448 224 16 ) (448 0 16 ) (0 0 16 ) 
4 25 74 (0 0 0 ) (0 0 16 ) (0 224 16 ) (0 224 0 ) 
4 25 49 (0 0 16 ) (0 0 0 ) (448 0 0 ) (448 0 16 ) 
4 25 26 (0 0 0 ) (0 224 0 ) (448 224 0 ) (448 0 0 ) 
4 26 75 (0 0 -960 ) (0 0 0 ) (0 224 0 ) (0 224 -960 ) 
4 26 50 (0 0 0 ) (0 0 -960 ) (448 0 -960 ) (448 0 0 ) 
4 27 41 (480 0 -1664 ) (768 0 -1664 ) (768 0 -960 ) (480 0 -960 ) 
4 27 40 (768 0 -1664 ) (1024 0 -1664 ) (1024 0 -960 ) (768 0 -960 ) 
4 27 28 (480 256 -1664 ) (480 0 -1664 ) (480 0 -992 ) (480 256 -992 ) 
4 28 78 (0 0 -1664 ) (0 0 -992 ) (0 256 -992 ) (0 256 -1664 ) 
4 28 51 (0 0 -992 ) (0 0 -1664 ) (480 0 -1664 ) (480 0 -992 ) 
4 29 54 (2048 -1024 -1664 ) (2048 -1024 1464 ) (1024 -1024 1464 ) (1024 -1024 -1664 ) 
4 29 40 (1024 0 34 ) (1024 0 -1664 ) (1024 -1024 -1664 ) (1024 -1024 34 ) 
4 29 34 (1024 0 286 ) (1024 0 34 ) (1024 -1024 34 ) (1024 -1024 286 ) 
4 29 31 (1024 0 288 ) (1024 0 286 ) (1024 -1024 286 ) (1024 -1024 288 ) 
4 29 30 (1024 0 1464 ) (1024 0 288 ) (1024 -1024 288 ) (1024 -1024 1464 ) 
4 30 55 (1024 -1024 288 ) (1024 -1024 1464 ) (480 -1024 1464 ) (480 -1024 288 ) 
4 30 52 (480 -1024 288 ) (480 -1024 336 ) (480 -320 336 ) (480 -320 288 ) 
4 30 44 (480 -320 1464 ) (480 0 1464 ) (480 0 352 ) (480 -320 352 ) 
4 30 45 (480 -1024 336 ) (480 -1024 1464 ) (480 -320 1464 ) (480 -320 336 ) 
4 30 32 (480 -32 288 ) (480 0 288 ) (768 0 288 ) (768 -32 288 ) 
4 30 33 (768 -1024 288 ) (480 -1024 288 ) (480 -160 288 ) (768 -160 288 ) 
4 30 31 (1024 -1024 288 ) (768 -1024 288 ) (768 0 288 ) (1024 0 288 ) 
4 31 55 (1024 -1024 286 ) (1024 -1024 288 ) (768 -1024 288 ) (768 -1024 286 ) 
4 31 34 (768 0 286 ) (1024 0 286 ) (1024 -1024 286 ) (768 -1024 286 ) 
4 31 32 (768 0 286 ) (768 -32 286 ) (768 -32 288 ) (768 0 288 ) 
4 31 33 (768 -160 286 ) (768 -1024 286 ) (768 -1024 288 ) (768 -160 288 ) 
4 32 37 (480 -32 286 ) (480 0 286 ) (766 0 286 ) (766 -32 286 ) 
4 32 35 (766 0 286 ) (768 0 286 ) (768 -32 286 ) (766 -32 286 ) 
4 33 55 (768 -1024 288 ) (480 -1024 288 ) (480 -1024 286 ) (768 -1024 286 ) 
4 33 52 (480 -1024 286 ) (480 -1024 288 ) (480 -320 288 ) (480 -320 286 ) 
4 33 39 (480 -1024 286 ) (480 -160 286 ) (766 -160 286 ) (766 -1024 286 ) 
4 33 36 (766 -160 286 ) (768 -160 286 ) (768 -1024 286 ) (766 -1024 286 ) 
4 34 55 (1024 -1024 34 ) (1024 -1024 286 ) (768 -1024 286 ) (768 -1024 34 ) 
4 34 40 (1024 -1024 34 ) (768 -1024 34 ) (768 0 34 ) (1024 0 34 ) 
4 34 35 (768 0 34 ) (768 -32 34 ) (768 -32 286 ) (768 0 286 ) 
4 34 36 (768 -160 34 ) (768 -1024 34 ) (768 -1024 286 ) (768 -160 286 ) 
4 35 41 (766 -32 34 ) (766 0 34 ) (768 0 34 ) (768 -32 34 ) 
4 35 37 (766 0 34 ) (766 -32 34 ) (766 -32 286 ) (766 0 286 ) 
4 36 55 (768 -1024 286 ) (766 -1024 286 ) (766 -1024 34 ) (768 -1024 34 ) 
4 36 43 (768 -1024 34 ) (766 -1024 34 ) (766 -160 34 ) (768 -160 34 ) 
4 36 39 (766 -160 34 ) (766 -1024 34 ) (766 -1024 286 ) (766 -160 286 ) 
4 37 41 (480 -32 34 ) (480 0 34 ) (766 0 34 ) (766 -32 34 ) 
4 38 46 (480 -34 224 ) (480 -34 34 ) (480 -158 34 ) (480 -158 224 ) 
4 39 55 (766 -1024 286 ) (480 -1024 286 ) (480 -1024 34 ) (766 -1024 34 ) 
4 39 52 (480 -1024 34 ) (480 -1024 286 ) (480 -320 286 ) (480 -320 34 ) 
4 39 43 (766 -1024 34 ) (480 -1024 34 ) (480 -160 34 ) (766 -160 34 ) 
4 40 55 (1024 -1024 -1664 ) (1024 -1024 34 ) (768 -1024 34 ) (768 -1024 -1664 ) 
4 40 42 (768 -32 -1664 ) (768 -160 -1664 ) (768 -160 32 ) (768 -32 32 ) 
4 40 41 (768 0 -1664 ) (768 -32 -1664 ) (768 -32 34 ) (768 0 34 ) 
4 40 43 (768 -160 -1664 ) (768 -1024 -1664 ) (768 -1024 34 ) (768 -160 34 ) 
4 41 51 (480 0 -992 ) (480 0 -1664 ) (480 -32 -1664 ) (480 -32 -992 ) 
4 41 42 (480 -32 -1664 ) (768 -32 -1664 ) (768 -32 32 ) (480 -32 32 ) 
4 42 51 (480 -32 -992 ) (480 -32 -1664 ) (480 -160 -1664 ) (480 -160 -992 ) 
4 42 43 (480 -160 -1664 ) (768 -160 -1664 ) (768 -160 32 ) (480 -160 32 ) 
4 43 55 (768 -1024 34 ) (480 -1024 34 ) (480 -1024 -1664 ) (768 -1024 -1664 ) 
4 43 52 (480 -1024 -1664 ) (480 -1024 34 ) (480 -320 34 ) (480 -320 -1664 ) 
4 43 51 (480 -160 -992 ) (480 -160 -1664 ) (480 -320 -1664 ) (480 -320 -992 ) 
4 44 84 (0 -4 352 ) (0 -320 352 ) (0 -320 640 ) (0 -4 640 ) 
4 44 83 (0 -1.037308 352 ) (0 -4 352 ) (0 -4 640 ) (0 -1.037292 640 ) 
4 44 82 (0 0 640 ) (0 0 352 ) (0 -1.037308 352 ) (0 -1.037292 640 ) 
4 44 81 (0 -320 1464 ) (0 0 1464 ) (0 0 640 ) (0 -320 640 ) 
4 44 45 (480 -320 352 ) (480 -320 1464 ) (0 -320 1464 ) (0 -320 352 ) 
4 45 92 (0 -1024 336 ) (0 -1024 640 ) (0 -320 640 ) (0 -320 336 ) 
4 45 81 (0 -1024 640 ) (0 -1024 1464 ) (0 -320 1464 ) (0 -320 640 ) 
4 45 55 (0 -1024 1464 ) (0 -1024 336 ) (480 -1024 336 ) (480 -1024 1464 ) 
4 45 52 (0 -1024 336 ) (0 -320 336 ) (480 -320 336 ) (480 -1024 336 ) 
4 46 47 (464 -32 32 ) (464 -158 32 ) (464 -158 224 ) (464 -32 224 ) 
4 47 96 (0 -304 336 ) (0 -288 336 ) (0 -288 32 ) (0 -304 32 ) 
4 47 93 (0 -288 336 ) (0 0 336 ) (0 0 32 ) (0 -288 32 ) 
4 47 48 (0 -288 32 ) (0 0 32 ) (448 0 32 ) (448 -288 32 ) 
4 48 93 (0 -288 32 ) (0 0 32 ) (0 0 16 ) (0 -288 16 ) 
4 48 49 (448 -288 16 ) (0 -288 16 ) (0 0 16 ) (448 0 16 ) 
4 49 94 (0 0 16 ) (0 0 0 ) (0 -288 0 ) (0 -288 16 ) 
4 49 50 (448 -288 0 ) (0 -288 0 ) (0 0 0 ) (448 0 0 ) 
4 50 95 (0 0 0 ) (0 0 -960 ) (0 -288 -960 ) (0 -288 0 ) 
4 51 99 (0 -320 -1664 ) (0 -320 -992 ) (0 0 -992 ) (0 0 -1664 ) 
4 51 52 (480 -320 -1664 ) (480 -320 -992 ) (0 -320 -992 ) (0 -320 -1664 ) 
4 52 101 (0 -1024 -1664 ) (0 -1024 336 ) (0 -320 336 ) (0 -320 -1664 ) 
4 52 55 (0 -1024 336 ) (0 -1024 -1664 ) (480 -1024 -1664 ) (480 -1024 336 ) 
4 53 54 (2048 -1024 1464 ) (2048 -1024 -1664 ) (2048 -1472 -1664 ) (2048 -1472 1464 ) 
4 54 55 (1024 -1024 1464 ) (1024 -1024 -1664 ) (1024 -1472 -1664 ) (1024 -1472 1464 ) 
4 55 103 (0 -1472 1464 ) (0 -1024 1464 ) (0 -1024 -1664 ) (0 -1472 -1664 ) 
4 56 58 (0 2048 -1664 ) (0 2048 1464 ) (-1024 2048 1464 ) (-1024 2048 -1664 ) 
4 56 57 (-1024 2564 -1664 ) (-1024 2048 -1664 ) (-1024 2048 1464 ) (-1024 2564 1464 ) 
4 57 59 (-2036 2048 -1664 ) (-1024 2048 -1664 ) (-1024 2048 1464 ) (-2036 2048 1464 ) 
4 58 68 (0 1024 -1664 ) (0 1024 -288 ) (-1024 1024 -288 ) (-1024 1024 -1664 ) 
4 58 66 (0 1024 -288 ) (0 1024 -256 ) (-96 1024 -256 ) (-96 1024 -288 ) 
4 58 67 (-96 1024 -256 ) (-1024 1024 -256 ) (-1024 1024 -288 ) (-96 1024 -288 ) 
4 58 64 (-64 1024 -128 ) (-96 1024 -128 ) (-96 1024 -256 ) (-64 1024 -256 ) 
4 58 63 (0 1024 -256 ) (0 1024 -128 ) (-64 1024 -128 ) (-64 1024 -256 ) 
4 58 65 (-96 1024 -128 ) (-1024 1024 -128 ) (-1024 1024 -256 ) (-96 1024 -256 ) 
4 58 60 (0 1024 -128 ) (0 1024 1464 ) (-96 1024 1464 ) (-96 1024 -128 ) 
4 58 62 (-96 1024 1464 ) (-1024 1024 1464 ) (-1024 1024 -128 ) (-96 1024 -128 ) 
4 58 59 (-1024 2048 1464 ) (-1024 2048 -1664 ) (-1024 1024 -1664 ) (-1024 1024 1464 ) 
4 59 80 (-1024 1024 -1664 ) (-1024 1024 1464 ) (-2036 1024 1464 ) (-2036 1024 -1664 ) 
4 60 64 (-96 816 -128 ) (-96 1024 -128 ) (-64 1024 -128 ) (-64 816 -128 ) 
4 60 63 (-64 1024 -128 ) (0 1024 -128 ) (0 816 -128 ) (-64 816 -128 ) 
4 60 61 (-96 816 1464 ) (-96 816 -96 ) (0 816 -96 ) (0 816 1464 ) 
4 60 62 (-96 1024 -128 ) (-96 816 -128 ) (-96 816 1464 ) (-96 1024 1464 ) 
4 61 69 (0 256 352 ) (0 256 1464 ) (-96 256 1464 ) (-96 256 352 ) 
4 61 62 (-96 256 -96 ) (-96 256 1464 ) (-96 816 1464 ) (-96 816 -96 ) 
4 62 80 (-1024 256 -128 ) (-1024 256 1464 ) (-1024 1024 1464 ) (-1024 1024 -128 ) 
4 62 77 (-1024 256 336 ) (-1024 256 -128 ) (-384 256 -128 ) (-384 256 336 ) 
4 62 70 (-1024 256 352 ) (-1024 256 336 ) (-388 256 336 ) (-388 256 352 ) 
4 62 69 (-96 256 1464 ) (-1024 256 1464 ) (-1024 256 352 ) (-96 256 352 ) 
4 62 65 (-96 256 -128 ) (-1024 256 -128 ) (-1024 1024 -128 ) (-96 1024 -128 ) 
4 63 72 (0 256 -256 ) (0 256 -128 ) (-64 256 -128 ) (-64 256 -256 ) 
4 63 66 (-64 816 -256 ) (-64 1024 -256 ) (0 1024 -256 ) (0 816 -256 ) 
4 63 64 (-64 1024 -256 ) (-64 816 -256 ) (-64 816 -128 ) (-64 1024 -128 ) 
4 64 66 (-96 816 -256 ) (-96 1024 -256 ) (-64 1024 -256 ) (-64 816 -256 ) 
4 64 65 (-96 1024 -256 ) (-96 816 -256 ) (-96 816 -128 ) (-96 1024 -128 ) 
4 65 80 (-1024 256 -256 ) (-1024 256 -128 ) (-1024 1024 -128 ) (-1024 1024 -256 ) 
4 65 77 (-384 256 -128 ) (-1024 256 -128 ) (-1024 256 -256 ) (-384 256 -256 ) 
4 65 67 (-96 256 -256 ) (-1024 256 -256 ) (-1024 1024 -256 ) (-96 1024 -256 ) 
4 66 68 (-96 816 -288 ) (-96 1024 -288 ) (0 1024 -288 ) (0 816 -288 ) 
4 66 67 (-96 1024 -288 ) (-96 816 -288 ) (-96 816 -256 ) (-96 1024 -256 ) 
4 67 80 (-1024 256 -288 ) (-1024 256 -256 ) (-1024 1024 -256 ) (-1024 1024 -288 ) 
4 67 77 (-384 256 -256 ) (-1024 256 -256 ) (-1024 256 -288 ) (-384 256 -288 ) 
4 67 68 (-96 256 -288 ) (-1024 256 -288 ) (-1024 1024 -288 ) (-96 1024 -288 ) 
4 68 80 (-1024 256 -1664 ) (-1024 256 -288 ) (-1024 1024 -288 ) (-1024 1024 -1664 ) 
4 68 78 (0 256 -1664 ) (0 256 -992 ) (-384 256 -992 ) (-384 256 -1664 ) 
4 68 79 (-384 256 -960 ) (-1024 256 -960 ) (-1024 256 -1664 ) (-384 256 -1664 ) 
4 68 77 (-384 256 -288 ) (-1024 256 -288 ) (-1024 256 -960 ) (-384 256 -960 ) 
4 69 90 (-248 0 640 ) (-388 0 640 ) (-388 0 352 ) (-248 0 352 ) 
4 69 91 (-388 0 640 ) (-1024 0 640 ) (-1024 0 352 ) (-388 0 352 ) 
4 69 82 (0 0 352 ) (0 0 640 ) (-118.848000 0 640 ) (-118.848007 0 352 ) 
4 69 81 (0 0 640 ) (0 0 1464 ) (-1024 0 1464 ) (-1024 0 640 ) 
4 69 80 (-1024 0 352 ) (-1024 0 1464 ) (-1024 256 1464 ) (-1024 256 352 ) 
4 69 70 (-388 0 352 ) (-1024 0 352 ) (-1024 256 352 ) (-388 256 352 ) 
4 70 91 (-388 0 352 ) (-1024 0 352 ) (-1024 0 336 ) (-388 0 336 ) 
4 70 80 (-1024 0 336 ) (-1024 0 352 ) (-1024 256 352 ) (-1024 256 336 ) 
4 70 77 (-1024 0 336 ) (-1024 256 336 ) (-388 256 336 ) (-388 0 336 ) 
4 71 76 (-352 224 32 ) (-352 224 336 ) (-352 240 336 ) (-352 240 32 ) 
4 71 73 (-352 224 336 ) (-352 224 32 ) (0 224 32 ) (0 224 336 ) 
4 72 75 (-64 224 -256 ) (0 224 -256 ) (0 224 -128 ) (-64 224 -128 ) 
4 73 93 (0 0 16 ) (0 0 336 ) (-352 0 336 ) (-352 0 16 ) 
4 73 76 (-352 0 32 ) (-352 0 336 ) (-352 224 336 ) (-352 224 32 ) 
4 73 74 (0 0 16 ) (-352 0 16 ) (-352 224 16 ) (0 224 16 ) 
4 74 94 (0 0 0 ) (0 0 16 ) (-352 0 16 ) (-352 0 0 ) 
4 74 75 (-352 0 0 ) (-352 224 0 ) (0 224 0 ) (0 0 0 ) 
4 75 95 (0 0 -960 ) (0 0 0 ) (-352 0 0 ) (-352 0 -960 ) 
4 76 97 (-352 0 336 ) (-368 0 336 ) (-368 0 32 ) (-352 0 32 ) 
4 77 98 (-384 0 336 ) (-1024 0 336 ) (-1024 0 -960 ) (-384 0 -960 ) 
4 77 80 (-1024 0 -960 ) (-1024 0 336 ) (-1024 256 336 ) (-1024 256 -960 ) 
4 77 79 (-384 0 -960 ) (-1024 0 -960 ) (-1024 256 -960 ) (-384 256 -960 ) 
4 78 99 (0 0 -1664 ) (0 0 -992 ) (-384 0 -992 ) (-384 0 -1664 ) 
4 78 79 (-384 256 -1664 ) (-384 0 -1664 ) (-384 0 -992 ) (-384 256 -992 ) 
4 79 100 (-384 0 -960 ) (-1024 0 -960 ) (-1024 0 -1664 ) (-384 0 -1664 ) 
4 79 80 (-1024 0 -1664 ) (-1024 0 -960 ) (-1024 256 -960 ) (-1024 256 -1664 ) 
4 80 102 (-1024 0 -1664 ) (-1024 0 1464 ) (-2036 0 1464 ) (-2036 0 -1664 ) 
4 81 103 (0 -1024 640 ) (0 -1024 1464 ) (-1024 -1024 1464 ) (-1024 -1024 640 ) 
4 81 102 (-1024 0 1464 ) (-1024 0 640 ) (-1024 -1024 640 ) (-1024 -1024 1464 ) 
4 81 90 (-388 0 640 ) (-248 0 640 ) (-248 -320 640 ) (-388 -320 640 ) 
4 81 91 (-1024 -320 640 ) (-1024 0 640 ) (-388 0 640 ) (-388 -320 640 ) 
4 81 88 (-248 -128 640 ) (-248 -4 640 ) (-246.848007 -4 640 ) (-247.930222 -128 640 ) 
4 81 87 (-242.847702 -4 640 ) (-118.882912 -4 640 ) (-119.965134 -128 640 ) (-243.929916 -128 640 ) 
5 81 86 (-116 -132.029999 640 ) (-116.044693 -137.149734 640 ) (-244 -136.030014 640 ) (-243.964828 -132 640 ) (-119.428047 -132 640 ) 
4 81 85 (-117.640533 -320 640 ) (-248 -320 640 ) (-248 -135.995010 640 ) (-116.044693 -137.149734 640 ) 
4 81 84 (0 -4 640 ) (0 -320 640 ) (-117.640533 -320 640 ) (-114.882614 -4 640 ) 
4 81 83 (-114.848000 -0.034912 640 ) (0 -1.037308 640 ) (0 -4 640 ) (-114.882607 -4 640 ) 
3 81 82 (-118.848007 0 640 ) (0 0 640 ) (0 -1.037308 640 ) 
4 81 92 (-1024 -1024 640 ) (-1024 -320 640 ) (0 -320 640 ) (0 -1024 640 ) 
4 82 83 (0 -1.037292 352 ) (0 -1.037292 640 ) (-114.848000 -0.034896 640 ) (-114.848000 -0.034896 352 ) 
4 83 84 (0 -4 352 ) (0 -4 640 ) (-114.882607 -4 640 ) (-114.882607 -4 352 ) 
4 84 86 (-116 -132.029999 352 ) (-116.044678 -137.149734 352 ) (-116.044678 -137.149734 640 ) (-116 -132.029999 640 ) 
4 84 85 (-116.044678 -137.149734 352 ) (-117.640518 -320 352 ) (-117.640518 -320 640 ) (-116.044678 -137.149734 640 ) 
4 84 92 (0 -320 352 ) (0 -320 640 ) (-117.640533 -320 640 ) (-117.640518 -320 352 ) 
4 85 90 (-248 -320 352 ) (-248 -320 640 ) (-248 -135.995010 640 ) (-248 -135.995010 352 ) 
4 85 86 (-116.044907 -137.149719 640 ) (-116.044914 -137.149719 352 ) (-244 -136.029999 352 ) (-244 -136.029999 640 ) 
4 85 92 (-117.640533 -320 640 ) (-248 -320 640 ) (-248 -320 352 ) (-117.640518 -320 352 ) 
4 87 89 (-242.847702 -4 352 ) (-118.882912 -4 352 ) (-119.965134 -128 352 ) (-243.929916 -128 352 ) 
4 88 90 (-248 -128 640 ) (-248 -4 640 ) (-248 -4 352 ) (-248 -128 352 ) 
4 89 93 (-242.847702 -4 336 ) (-118.882912 -4 336 ) (-119.965134 -128 336 ) (-243.929916 -128 336 ) 
4 90 91 (-388 -320 352 ) (-388 -320 640 ) (-388 0 640 ) (-388 0 352 ) 
4 90 92 (-248 -320 352 ) (-248 -320 640 ) (-388 -320 640 ) (-388 -320 352 ) 
4 91 102 (-1024 0 640 ) (-1024 0 336 ) (-1024 -320 336 ) (-1024 -320 640 ) 
4 91 98 (-1024 -320 336 ) (-1024 0 336 ) (-388 0 336 ) (-388 -320 336 ) 
4 91 92 (-1024 -320 336 ) (-388 -320 336 ) (-388 -320 640 ) (-1024 -320 640 ) 
4 92 103 (0 -1024 336 ) (0 -1024 640 ) (-1024 -1024 640 ) (-1024 -1024 336 ) 
4 92 102 (-1024 -320 336 ) (-1024 -1024 336 ) (-1024 -1024 640 ) (-1024 -320 640 ) 
4 92 101 (0 -1024 336 ) (-1024 -1024 336 ) (-1024 -320 336 ) (0 -320 336 ) 
4 93 97 (-352 -288 32 ) (-352 -288 336 ) (-352 0 336 ) (-352 0 32 ) 
4 93 96 (-352 -288 336 ) (-352 -288 32 ) (0 -288 32 ) (0 -288 336 ) 
4 93 94 (0 -288 16 ) (-352 -288 16 ) (-352 0 16 ) (0 0 16 ) 
4 94 95 (0 -288 0 ) (-352 -288 0 ) (-352 0 0 ) (0 0 0 ) 
4 96 97 (-352 -304 32 ) (-352 -304 336 ) (-352 -288 336 ) (-352 -288 32 ) 
4 98 102 (-1024 0 336 ) (-1024 0 -960 ) (-1024 -320 -960 ) (-1024 -320 336 ) 
4 98 101 (-384 -320 336 ) (-1024 -320 336 ) (-1024 -320 -960 ) (-384 -320 -960 ) 
4 98 100 (-384 -320 -960 ) (-1024 -320 -960 ) (-1024 0 -960 ) (-384 0 -960 ) 
4 99 101 (0 -320 -1664 ) (0 -320 -992 ) (-384 -320 -992 ) (-384 -320 -1664 ) 
4 99 100 (-384 0 -1664 ) (-384 -320 -1664 ) (-384 -320 -992 ) (-384 0 -992 ) 
4 100 102 (-1024 0 -960 ) (-1024 0 -1664 ) (-1024 -320 -1664 ) (-1024 -320 -960 ) 
4 100 101 (-384 -320 -960 ) (-1024 -320 -960 ) (-1024 -320 -1664 ) (-384 -320 -1664 ) 
4 101 103 (0 -1024 -1664 ) (0 -1024 336 ) (-1024 -1024 336 ) (-1024 -1024 -1664 ) 
4 101 102 (-1024 -1024 -1664 ) (-1024 -1024 336 ) (-1024 -320 336 ) (-1024 -320 -1664 ) 
4 102 104 (-1024 -1024 -1664 ) (-1024 -1024 1464 ) (-2036 -1024 1464 ) (-2036 -1024 -1664 ) 
4 103 104 (-1024 -1024 1464 ) (-1024 -1024 -1664 ) (-1024 -1472 -1664 ) (-1024 -1472 1464 ) 
