


materialPath: C:\Program Files (x86)\Steam\steamapps\common\Half-Life 2\ep2\materials
Loading C:\Users\Matthew\OneDrive\Source Dev Repos\sourcedev\HL2\cell.vmf
Could not locate 'GameData' key in c:\program files (x86)\steam\steamapps\common\half-life 2\ep2\gameinfo.txt
fixing up env_cubemap materials on brush sides...
0...1...2...3...4...5...6...7...8...9...100...1...2...3...4...5...6...7...8...9...10Processing areas...done (0)
Building Faces...done (0)
FixTjuncs...
PruneNodes...
WriteBSP...
done (0)
writing C:\Users\Matthew\OneDrive\Source Dev Repos\sourcedev\HL2\cell.prt...Building visibility clusters...
done (0)
Creating default LDR cubemaps for env_cubemap using skybox materials:
   skybox/sky_day01_01*.vmt
 ! Run buildcubemaps in the engine to get the correct cube maps.
Creating default HDR cubemaps for env_cubemap using skybox materials:
   skybox/sky_day01_01*.vmt
 ! Run buildcubemaps in the engine to get the correct cube maps.
Finding displacement neighbors...
Finding lightmap sample positions...
Displacement Alpha : 0...1...2...3...4...5...6...7...8...9...10
Building Physics collision data...
done (0) (4408 bytes)
Error! prop_static using model "models/props_wasteland/prison_toilet01.mdl", which must be used on a dynamic entity (i.e. prop_physics). Deleted.
Error loading studio model "models/props_wasteland/prison_toilet01.mdl"!
Placing detail props : 0...1...2...3...4...5...6...7...8...9...10
Compacting texture/material tables...
Reduced 18 texinfos to 9
Reduced 5 texdatas to 4 (126 bytes to 100)
Writing C:\Users\Matthew\OneDrive\Source Dev Repos\sourcedev\HL2\cell.bsp
1 second elapsed



4 threads
reading c:\users\matthew\onedrive\source dev repos\sourcedev\hl2\cell.bsp
reading c:\users\matthew\onedrive\source dev repos\sourcedev\hl2\cell.prt
   8 portalclusters
  11 numportals
0...1...2...3...4...5...6...7...8...9...100...1...2...3...4...5...6...7...8...9...10Optimized: 0 visible clusters (0.00%)
Total clusters visible: 64
Average clusters visible: 8
Building PAS...
Average clusters audible: 8
visdatasize:84  compressed from 128
writing c:\users\matthew\onedrive\source dev repos\sourcedev\hl2\cell.bsp
0 seconds elapsed



[Reading texlights from 'lights.rad']
[48 texlights parsed from 'lights.rad']

Loading c:\users\matthew\onedrive\source dev repos\sourcedev\hl2\cell.bsp
33 faces
2953 square feet [425366.47 square inches]
0 Displacements
0 Square Feet [0.00 Square Inches]
33 patches before subdivision
491 patches after subdivision
1 direct lights
0...1...2...3...4...5...6...7...8...9...100...1...2...3...4...5...6...7...8...9...10transfers 29922, max 160
transfer lists:   0.2 megs
0...1...2...3...4...5...6...7...8...9...10	Bounce #1 added RGB(7757, 7875, 7562)
0...1...2...3...4...5...6...7...8...9...10	Bounce #2 added RGB(4213, 4341, 4002)
0...1...2...3...4...5...6...7...8...9...10	Bounce #3 added RGB(2249, 2352, 2082)
0...1...2...3...4...5...6...7...8...9...10	Bounce #4 added RGB(1199, 1273, 1083)
0...1...2...3...4...5...6...7...8...9...10	Bounce #5 added RGB(638, 687, 561)
0...1...2...3...4...5...6...7...8...9...10	Bounce #6 added RGB(339, 370, 291)
0...1...2...3...4...5...6...7...8...9...10	Bounce #7 added RGB(180, 200, 150)
0...1...2...3...4...5...6...7...8...9...10	Bounce #8 added RGB(96, 108, 78)
0...1...2...3...4...5...6...7...8...9...10	Bounce #9 added RGB(51, 58, 40)
0...1...2...3...4...5...6...7...8...9...10	Bounce #10 added RGB(27, 31, 21)
0...1...2...3...4...5...6...7...8...9...10	Bounce #11 added RGB(14, 17, 11)
0...1...2...3...4...5...6...7...8...9...10	Bounce #12 added RGB(8, 9, 6)
0...1...2...3...4...5...6...7...8...9...10	Bounce #13 added RGB(4, 5, 3)
0...1...2...3...4...5...6...7...8...9...10	Bounce #14 added RGB(2, 3, 1)
0...1...2...3...4...5...6...7...8...9...10	Bounce #15 added RGB(1, 1, 1)
0...1...2...3...4...5...6...7...8...9...10	Bounce #16 added RGB(1, 1, 0)
Build Patch/Sample Hash Table(s).....Done<0.1267 sec>
0...1...2...3...4...5...6...7...8...9...10FinalLightFace Done
0 of 0 (0% of) surface lights went in leaf ambient cubes.
0...1...2...3...4...5...6...7...8...9...10Writing leaf ambient...done
Ready to Finish

Object names       Objects/Maxobjs  Memory / Maxmem  Fullness 
------------       ---------------  ---------------  -------- 
models                   1/1024           48/49152    ( 0.1%) 
brushes                 12/8192          144/98304    ( 0.1%) 
brushsides              74/65536         592/524288   ( 0.1%) 
planes                  66/65536        1320/1310720  ( 0.1%) 
vertexes                91/65536        1092/786432   ( 0.1%) 
nodes                   23/65536         736/2097152  ( 0.0%) 
texinfos                 9/12288         648/884736   ( 0.1%) 
texdata                  4/2048          128/65536    ( 0.2%) 
dispinfos                0/0               0/0        ( 0.0%) 
disp_verts               0/0               0/0        ( 0.0%) 
disp_tris                0/0               0/0        ( 0.0%) 
disp_lmsamples           0/0               0/0        ( 0.0%) 
faces                   33/65536        1848/3670016  ( 0.1%) 
hdr faces                0/65536           0/3670016  ( 0.0%) 
origfaces               19/65536        1064/3670016  ( 0.0%) 
leaves                  25/65536         800/2097152  ( 0.0%) 
leaffaces               40/65536          80/131072   ( 0.1%) 
leafbrushes             14/65536          28/131072   ( 0.0%) 
areas                    2/256            16/2048     ( 0.8%) 
surfedges              228/512000        912/2048000  ( 0.0%) 
edges                  144/256000        576/1024000  ( 0.1%) 
LDR worldlights          1/8192           88/720896   ( 0.0%) 
HDR worldlights          0/8192            0/720896   ( 0.0%) 
leafwaterdata            0/32768           0/393216   ( 0.0%) 
waterstrips              1/32768          10/327680   ( 0.0%) 
waterverts               0/65536           0/786432   ( 0.0%) 
waterindices            18/65536          36/131072   ( 0.0%) 
cubemapsamples           0/1024            0/16384    ( 0.0%) 
overlays                 0/512             0/180224   ( 0.0%) 
LDR lightdata         [variable]       12608/0        ( 0.0%) 
HDR lightdata         [variable]           0/0        ( 0.0%) 
visdata               [variable]          84/16777216 ( 0.0%) 
entdata               [variable]        1130/393216   ( 0.3%) 
LDR ambient table       25/65536         100/262144   ( 0.0%) 
HDR ambient table       25/65536         100/262144   ( 0.0%) 
LDR leaf ambient        52/65536        1456/1835008  ( 0.1%) 
HDR leaf ambient        25/65536         700/1835008  ( 0.0%) 
occluders                0/0               0/0        ( 0.0%) 
occluder polygons        0/0               0/0        ( 0.0%) 
occluder vert ind        0/0               0/0        ( 0.0%) 
detail props          [variable]           1/12       ( 8.3%) 
static props          [variable]           1/402      ( 0.2%) 
pakfile               [variable]      105647/0        ( 0.0%) 
physics               [variable]        4408/4194304  ( 0.1%) 
physics terrain       [variable]           2/1048576  ( 0.0%) 

Level flags = 0

Total triangle count: 86
Writing c:\users\matthew\onedrive\source dev repos\sourcedev\hl2\cell.bsp
7 seconds elapsed



[Reading texlights from 'lights.rad']
[48 texlights parsed from 'lights.rad']

Loading c:\users\matthew\onedrive\source dev repos\sourcedev\hl2\cell.bsp
33 faces
2953 square feet [425366.47 square inches]
0 Displacements
0 Square Feet [0.00 Square Inches]
33 patches before subdivision
491 patches after subdivision
1 direct lights
0...1...2...3...4...5...6...7...8...9...100...1...2...3...4...5...6...7...8...9...10transfers 29922, max 160
transfer lists:   0.2 megs
0...1...2...3...4...5...6...7...8...9...10	Bounce #1 added RGB(7757, 7875, 7562)
0...1...2...3...4...5...6...7...8...9...10	Bounce #2 added RGB(4213, 4341, 4002)
0...1...2...3...4...5...6...7...8...9...10	Bounce #3 added RGB(2249, 2352, 2082)
0...1...2...3...4...5...6...7...8...9...10	Bounce #4 added RGB(1199, 1273, 1083)
0...1...2...3...4...5...6...7...8...9...10	Bounce #5 added RGB(638, 687, 561)
0...1...2...3...4...5...6...7...8...9...10	Bounce #6 added RGB(339, 370, 291)
0...1...2...3...4...5...6...7...8...9...10	Bounce #7 added RGB(180, 200, 150)
0...1...2...3...4...5...6...7...8...9...10	Bounce #8 added RGB(96, 108, 78)
0...1...2...3...4...5...6...7...8...9...10	Bounce #9 added RGB(51, 58, 40)
0...1...2...3...4...5...6...7...8...9...10	Bounce #10 added RGB(27, 31, 21)
0...1...2...3...4...5...6...7...8...9...10	Bounce #11 added RGB(14, 17, 11)
0...1...2...3...4...5...6...7...8...9...10	Bounce #12 added RGB(8, 9, 6)
0...1...2...3...4...5...6...7...8...9...10	Bounce #13 added RGB(4, 5, 3)
0...1...2...3...4...5...6...7...8...9...10	Bounce #14 added RGB(2, 3, 1)
0...1...2...3...4...5...6...7...8...9...10	Bounce #15 added RGB(1, 1, 1)
0...1...2...3...4...5...6...7...8...9...10	Bounce #16 added RGB(1, 1, 0)
Build Patch/Sample Hash Table(s).....Done<0.0001 sec>
0...1...2...3...4...5...6...7...8...9...10FinalLightFace Done
0 of 0 (0% of) surface lights went in leaf ambient cubes.
0...1...2...3...4...5...6...7...8...9...10Writing leaf ambient...done
Ready to Finish

Object names       Objects/Maxobjs  Memory / Maxmem  Fullness 
------------       ---------------  ---------------  -------- 
models                   1/1024           48/49152    ( 0.1%) 
brushes                 12/8192          144/98304    ( 0.1%) 
brushsides              74/65536         592/524288   ( 0.1%) 
planes                  66/65536        1320/1310720  ( 0.1%) 
vertexes                91/65536        1092/786432   ( 0.1%) 
nodes                   23/65536         736/2097152  ( 0.0%) 
texinfos                 9/12288         648/884736   ( 0.1%) 
texdata                  4/2048          128/65536    ( 0.2%) 
dispinfos                0/0               0/0        ( 0.0%) 
disp_verts               0/0               0/0        ( 0.0%) 
disp_tris                0/0               0/0        ( 0.0%) 
disp_lmsamples           0/0               0/0        ( 0.0%) 
faces                   33/65536        1848/3670016  ( 0.1%) 
hdr faces               33/65536        1848/3670016  ( 0.1%) 
origfaces               19/65536        1064/3670016  ( 0.0%) 
leaves                  25/65536         800/2097152  ( 0.0%) 
leaffaces               40/65536          80/131072   ( 0.1%) 
leafbrushes             14/65536          28/131072   ( 0.0%) 
areas                    2/256            16/2048     ( 0.8%) 
surfedges              228/512000        912/2048000  ( 0.0%) 
edges                  144/256000        576/1024000  ( 0.1%) 
LDR worldlights          1/8192           88/720896   ( 0.0%) 
HDR worldlights          1/8192           88/720896   ( 0.0%) 
leafwaterdata            0/32768           0/393216   ( 0.0%) 
waterstrips              1/32768          10/327680   ( 0.0%) 
waterverts               0/65536           0/786432   ( 0.0%) 
waterindices            18/65536          36/131072   ( 0.0%) 
cubemapsamples           0/1024            0/16384    ( 0.0%) 
overlays                 0/512             0/180224   ( 0.0%) 
LDR lightdata         [variable]       12608/0        ( 0.0%) 
HDR lightdata         [variable]       12608/0        ( 0.0%) 
visdata               [variable]          84/16777216 ( 0.0%) 
entdata               [variable]        1130/393216   ( 0.3%) 
LDR ambient table       25/65536         100/262144   ( 0.0%) 
HDR ambient table       25/65536         100/262144   ( 0.0%) 
LDR leaf ambient        52/65536        1456/1835008  ( 0.1%) 
HDR leaf ambient        52/65536        1456/1835008  ( 0.1%) 
occluders                0/0               0/0        ( 0.0%) 
occluder polygons        0/0               0/0        ( 0.0%) 
occluder vert ind        0/0               0/0        ( 0.0%) 
detail props          [variable]           1/12       ( 8.3%) 
static props          [variable]           1/402      ( 0.2%) 
pakfile               [variable]      105647/0        ( 0.0%) 
physics               [variable]        4408/4194304  ( 0.1%) 
physics terrain       [variable]           2/1048576  ( 0.0%) 

Level flags = 0

Total triangle count: 86
Writing c:\users\matthew\onedrive\source dev repos\sourcedev\hl2\cell.bsp
0 seconds elapsed



materialPath: C:\Program Files (x86)\Steam\steamapps\common\Half-Life 2\ep2\materials
Loading C:\Users\Matthew\OneDrive\Source Dev Repos\sourcedev\HL2\cell.vmf
Could not locate 'GameData' key in c:\program files (x86)\steam\steamapps\common\half-life 2\ep2\gameinfo.txt
fixing up env_cubemap materials on brush sides...
0...1...2...3...4...5...6...7...8...9...100...1...2...3...4...5...6...7...8...9...10Processing areas...done (0)
Building Faces...done (0)
FixTjuncs...
PruneNodes...
WriteBSP...
done (0)
writing C:\Users\Matthew\OneDrive\Source Dev Repos\sourcedev\HL2\cell.prt...Building visibility clusters...
done (0)
Creating default LDR cubemaps for env_cubemap using skybox materials:
   skybox/sky_day01_01*.vmt
 ! Run buildcubemaps in the engine to get the correct cube maps.
Creating default HDR cubemaps for env_cubemap using skybox materials:
   skybox/sky_day01_01*.vmt
 ! Run buildcubemaps in the engine to get the correct cube maps.
Finding displacement neighbors...
Finding lightmap sample positions...
Displacement Alpha : 0...1...2...3...4...5...6...7...8...9...10
Building Physics collision data...
done (0) (4408 bytes)
Placing detail props : 0...1...2...3...4...5...6...7...8...9...10
Compacting texture/material tables...
Reduced 18 texinfos to 9
Reduced 5 texdatas to 4 (126 bytes to 100)
Writing C:\Users\Matthew\OneDrive\Source Dev Repos\sourcedev\HL2\cell.bsp
0 seconds elapsed



4 threads
reading c:\users\matthew\onedrive\source dev repos\sourcedev\hl2\cell.bsp
reading c:\users\matthew\onedrive\source dev repos\sourcedev\hl2\cell.prt
   8 portalclusters
  11 numportals
0...1...2...3...4...5...6...7...8...9...100...1...2...3...4...5...6...7...8...9...10Optimized: 0 visible clusters (0.00%)
Total clusters visible: 64
Average clusters visible: 8
Building PAS...
Average clusters audible: 8
visdatasize:84  compressed from 128
writing c:\users\matthew\onedrive\source dev repos\sourcedev\hl2\cell.bsp
0 seconds elapsed



[Reading texlights from 'lights.rad']
[48 texlights parsed from 'lights.rad']

Loading c:\users\matthew\onedrive\source dev repos\sourcedev\hl2\cell.bsp
33 faces
2953 square feet [425366.47 square inches]
0 Displacements
0 Square Feet [0.00 Square Inches]
33 patches before subdivision
491 patches after subdivision
1 direct lights
0...1...2...3...4...5...6...7...8...9...100...1...2...3...4...5...6...7...8...9...10transfers 29922, max 160
transfer lists:   0.2 megs
0...1...2...3...4...5...6...7...8...9...10	Bounce #1 added RGB(7757, 7875, 7562)
0...1...2...3...4...5...6...7...8...9...10	Bounce #2 added RGB(4213, 4341, 4002)
0...1...2...3...4...5...6...7...8...9...10	Bounce #3 added RGB(2249, 2352, 2082)
0...1...2...3...4...5...6...7...8...9...10	Bounce #4 added RGB(1199, 1273, 1083)
0...1...2...3...4...5...6...7...8...9...10	Bounce #5 added RGB(638, 687, 561)
0...1...2...3...4...5...6...7...8...9...10	Bounce #6 added RGB(339, 370, 291)
0...1...2...3...4...5...6...7...8...9...10	Bounce #7 added RGB(180, 200, 150)
0...1...2...3...4...5...6...7...8...9...10	Bounce #8 added RGB(96, 108, 78)
0...1...2...3...4...5...6...7...8...9...10	Bounce #9 added RGB(51, 58, 40)
0...1...2...3...4...5...6...7...8...9...10	Bounce #10 added RGB(27, 31, 21)
0...1...2...3...4...5...6...7...8...9...10	Bounce #11 added RGB(14, 17, 11)
0...1...2...3...4...5...6...7...8...9...10	Bounce #12 added RGB(8, 9, 6)
0...1...2...3...4...5...6...7...8...9...10	Bounce #13 added RGB(4, 5, 3)
0...1...2...3...4...5...6...7...8...9...10	Bounce #14 added RGB(2, 3, 1)
0...1...2...3...4...5...6...7...8...9...10	Bounce #15 added RGB(1, 1, 1)
0...1...2...3...4...5...6...7...8...9...10	Bounce #16 added RGB(1, 1, 0)
Build Patch/Sample Hash Table(s).....Done<0.0002 sec>
0...1...2...3...4...5...6...7...8...9...10FinalLightFace Done
0 of 0 (0% of) surface lights went in leaf ambient cubes.
0...1...2...3...4...5...6...7...8...9...10Writing leaf ambient...done
Ready to Finish

Object names       Objects/Maxobjs  Memory / Maxmem  Fullness 
------------       ---------------  ---------------  -------- 
models                   1/1024           48/49152    ( 0.1%) 
brushes                 12/8192          144/98304    ( 0.1%) 
brushsides              74/65536         592/524288   ( 0.1%) 
planes                  66/65536        1320/1310720  ( 0.1%) 
vertexes                91/65536        1092/786432   ( 0.1%) 
nodes                   23/65536         736/2097152  ( 0.0%) 
texinfos                 9/12288         648/884736   ( 0.1%) 
texdata                  4/2048          128/65536    ( 0.2%) 
dispinfos                0/0               0/0        ( 0.0%) 
disp_verts               0/0               0/0        ( 0.0%) 
disp_tris                0/0               0/0        ( 0.0%) 
disp_lmsamples           0/0               0/0        ( 0.0%) 
faces                   33/65536        1848/3670016  ( 0.1%) 
hdr faces                0/65536           0/3670016  ( 0.0%) 
origfaces               19/65536        1064/3670016  ( 0.0%) 
leaves                  25/65536         800/2097152  ( 0.0%) 
leaffaces               40/65536          80/131072   ( 0.1%) 
leafbrushes             14/65536          28/131072   ( 0.0%) 
areas                    2/256            16/2048     ( 0.8%) 
surfedges              228/512000        912/2048000  ( 0.0%) 
edges                  144/256000        576/1024000  ( 0.1%) 
LDR worldlights          1/8192           88/720896   ( 0.0%) 
HDR worldlights          0/8192            0/720896   ( 0.0%) 
leafwaterdata            0/32768           0/393216   ( 0.0%) 
waterstrips              1/32768          10/327680   ( 0.0%) 
waterverts               0/65536           0/786432   ( 0.0%) 
waterindices            18/65536          36/131072   ( 0.0%) 
cubemapsamples           0/1024            0/16384    ( 0.0%) 
overlays                 0/512             0/180224   ( 0.0%) 
LDR lightdata         [variable]       12608/0        ( 0.0%) 
HDR lightdata         [variable]           0/0        ( 0.0%) 
visdata               [variable]          84/16777216 ( 0.0%) 
entdata               [variable]        1704/393216   ( 0.4%) 
LDR ambient table       25/65536         100/262144   ( 0.0%) 
HDR ambient table       25/65536         100/262144   ( 0.0%) 
LDR leaf ambient        52/65536        1456/1835008  ( 0.1%) 
HDR leaf ambient        25/65536         700/1835008  ( 0.0%) 
occluders                0/0               0/0        ( 0.0%) 
occluder polygons        0/0               0/0        ( 0.0%) 
occluder vert ind        0/0               0/0        ( 0.0%) 
detail props          [variable]           1/12       ( 8.3%) 
static props          [variable]           1/402      ( 0.2%) 
pakfile               [variable]      105647/0        ( 0.0%) 
physics               [variable]        4408/4194304  ( 0.1%) 
physics terrain       [variable]           2/1048576  ( 0.0%) 

Level flags = 0

Total triangle count: 86
Writing c:\users\matthew\onedrive\source dev repos\sourcedev\hl2\cell.bsp
1 second elapsed



[Reading texlights from 'lights.rad']
[48 texlights parsed from 'lights.rad']

Loading c:\users\matthew\onedrive\source dev repos\sourcedev\hl2\cell.bsp
33 faces
2953 square feet [425366.47 square inches]
0 Displacements
0 Square Feet [0.00 Square Inches]
33 patches before subdivision
491 patches after subdivision
1 direct lights
0...1...2...3...4...5...6...7...8...9...100...1...2...3...4...5...6...7...8...9...10transfers 29922, max 160
transfer lists:   0.2 megs
0...1...2...3...4...5...6...7...8...9...10	Bounce #1 added RGB(7757, 7875, 7562)
0...1...2...3...4...5...6...7...8...9...10	Bounce #2 added RGB(4213, 4341, 4002)
0...1...2...3...4...5...6...7...8...9...10	Bounce #3 added RGB(2249, 2352, 2082)
0...1...2...3...4...5...6...7...8...9...10	Bounce #4 added RGB(1199, 1273, 1083)
0...1...2...3...4...5...6...7...8...9...10	Bounce #5 added RGB(638, 687, 561)
0...1...2...3...4...5...6...7...8...9...10	Bounce #6 added RGB(339, 370, 291)
0...1...2...3...4...5...6...7...8...9...10	Bounce #7 added RGB(180, 200, 150)
0...1...2...3...4...5...6...7...8...9...10	Bounce #8 added RGB(96, 108, 78)
0...1...2...3...4...5...6...7...8...9...10	Bounce #9 added RGB(51, 58, 40)
0...1...2...3...4...5...6...7...8...9...10	Bounce #10 added RGB(27, 31, 21)
0...1...2...3...4...5...6...7...8...9...10	Bounce #11 added RGB(14, 17, 11)
0...1...2...3...4...5...6...7...8...9...10	Bounce #12 added RGB(8, 9, 6)
0...1...2...3...4...5...6...7...8...9...10	Bounce #13 added RGB(4, 5, 3)
0...1...2...3...4...5...6...7...8...9...10	Bounce #14 added RGB(2, 3, 1)
0...1...2...3...4...5...6...7...8...9...10	Bounce #15 added RGB(1, 1, 1)
0...1...2...3...4...5...6...7...8...9...10	Bounce #16 added RGB(1, 1, 0)
Build Patch/Sample Hash Table(s).....Done<0.0001 sec>
0...1...2...3...4...5...6...7...8...9...10FinalLightFace Done
0 of 0 (0% of) surface lights went in leaf ambient cubes.
0...1...2...3...4...5...6...7...8...9...10Writing leaf ambient...done
Ready to Finish

Object names       Objects/Maxobjs  Memory / Maxmem  Fullness 
------------       ---------------  ---------------  -------- 
models                   1/1024           48/49152    ( 0.1%) 
brushes                 12/8192          144/98304    ( 0.1%) 
brushsides              74/65536         592/524288   ( 0.1%) 
planes                  66/65536        1320/1310720  ( 0.1%) 
vertexes                91/65536        1092/786432   ( 0.1%) 
nodes                   23/65536         736/2097152  ( 0.0%) 
texinfos                 9/12288         648/884736   ( 0.1%) 
texdata                  4/2048          128/65536    ( 0.2%) 
dispinfos                0/0               0/0        ( 0.0%) 
disp_verts               0/0               0/0        ( 0.0%) 
disp_tris                0/0               0/0        ( 0.0%) 
disp_lmsamples           0/0               0/0        ( 0.0%) 
faces                   33/65536        1848/3670016  ( 0.1%) 
hdr faces               33/65536        1848/3670016  ( 0.1%) 
origfaces               19/65536        1064/3670016  ( 0.0%) 
leaves                  25/65536         800/2097152  ( 0.0%) 
leaffaces               40/65536          80/131072   ( 0.1%) 
leafbrushes             14/65536          28/131072   ( 0.0%) 
areas                    2/256            16/2048     ( 0.8%) 
surfedges              228/512000        912/2048000  ( 0.0%) 
edges                  144/256000        576/1024000  ( 0.1%) 
LDR worldlights          1/8192           88/720896   ( 0.0%) 
HDR worldlights          1/8192           88/720896   ( 0.0%) 
leafwaterdata            0/32768           0/393216   ( 0.0%) 
waterstrips              1/32768          10/327680   ( 0.0%) 
waterverts               0/65536           0/786432   ( 0.0%) 
waterindices            18/65536          36/131072   ( 0.0%) 
cubemapsamples           0/1024            0/16384    ( 0.0%) 
overlays                 0/512             0/180224   ( 0.0%) 
LDR lightdata         [variable]       12608/0        ( 0.0%) 
HDR lightdata         [variable]       12608/0        ( 0.0%) 
visdata               [variable]          84/16777216 ( 0.0%) 
entdata               [variable]        1704/393216   ( 0.4%) 
LDR ambient table       25/65536         100/262144   ( 0.0%) 
HDR ambient table       25/65536         100/262144   ( 0.0%) 
LDR leaf ambient        52/65536        1456/1835008  ( 0.1%) 
HDR leaf ambient        52/65536        1456/1835008  ( 0.1%) 
occluders                0/0               0/0        ( 0.0%) 
occluder polygons        0/0               0/0        ( 0.0%) 
occluder vert ind        0/0               0/0        ( 0.0%) 
detail props          [variable]           1/12       ( 8.3%) 
static props          [variable]           1/402      ( 0.2%) 
pakfile               [variable]      105647/0        ( 0.0%) 
physics               [variable]        4408/4194304  ( 0.1%) 
physics terrain       [variable]           2/1048576  ( 0.0%) 

Level flags = 0

Total triangle count: 86
Writing c:\users\matthew\onedrive\source dev repos\sourcedev\hl2\cell.bsp
0 seconds elapsed
